# JRE version: OpenJDK Runtime Environment (8.0_242-b01) (build 1.8.0_242-release-1644-b01)
# Java VM: OpenJDK 64-Bit Server VM (25.242-b01 mixed mode windows-amd64 compressed oops)
Heap:
 PSYoungGen      total 144384K, used 122380K [0x00000000d5580000, 0x00000000dee80000, 0x0000000100000000)
  eden space 133120K, 91% used [0x00000000d5580000,0x00000000dcd03150,0x00000000dd780000)
  from space 11264K, 0% used [0x00000000de380000,0x00000000de380000,0x00000000dee80000)
  to   space 11776K, 0% used [0x00000000dd780000,0x00000000dd780000,0x00000000de300000)
 ParOldGen       total 49664K, used 15217K [0x0000000080000000, 0x0000000083080000, 0x00000000d5580000)
  object space 49664K, 30% used [0x0000000080000000,0x0000000080edc528,0x0000000083080000)
 Metaspace       used 37129K, capacity 38866K, committed 39080K, reserved 1083392K
  class space    used 5120K, capacity 5446K, committed 5552K, reserved 1048576K
GC Heap History (10 events):
Event: 1.427 GC heap before
{Heap before GC invocations=6 (full 0):
 PSYoungGen      total 71680K, used 6006K [0x00000000d5580000, 0x00000000def80000, 0x0000000100000000)
  eden space 66560K, 1% used [0x00000000d5580000,0x00000000d5661878,0x00000000d9680000)
  from space 5120K, 99% used [0x00000000d9680000,0x00000000d9b7c060,0x00000000d9b80000)
  to   space 12288K, 0% used [0x00000000de380000,0x00000000de380000,0x00000000def80000)
 ParOldGen       total 87552K, used 10091K [0x0000000080000000, 0x0000000085580000, 0x00000000d5580000)
  object space 87552K, 11% used [0x0000000080000000,0x00000000809daca8,0x0000000085580000)
 Metaspace       used 20574K, capacity 21236K, committed 21296K, reserved 1067008K
  class space    used 2874K, capacity 3080K, committed 3120K, reserved 1048576K
Event: 1.430 GC heap after
Heap after GC invocations=6 (full 0):
 PSYoungGen      total 144384K, used 5312K [0x00000000d5580000, 0x00000000dee80000, 0x0000000100000000)
  eden space 133120K, 0% used [0x00000000d5580000,0x00000000d5580000,0x00000000dd780000)
  from space 11264K, 47% used [0x00000000de380000,0x00000000de8b0030,0x00000000dee80000)
  to   space 11776K, 0% used [0x00000000dd780000,0x00000000dd780000,0x00000000de300000)
 ParOldGen       total 87552K, used 10099K [0x0000000080000000, 0x0000000085580000, 0x00000000d5580000)
  object space 87552K, 11% used [0x0000000080000000,0x00000000809dcca8,0x0000000085580000)
 Metaspace       used 20574K, capacity 21236K, committed 21296K, reserved 1067008K
  class space    used 2874K, capacity 3080K, committed 3120K, reserved 1048576K
}
Event: 1.430 GC heap before
{Heap before GC invocations=7 (full 1):
 PSYoungGen      total 144384K, used 5312K [0x00000000d5580000, 0x00000000dee80000, 0x0000000100000000)
  eden space 133120K, 0% used [0x00000000d5580000,0x00000000d5580000,0x00000000dd780000)
  from space 11264K, 47% used [0x00000000de380000,0x00000000de8b0030,0x00000000dee80000)
  to   space 11776K, 0% used [0x00000000dd780000,0x00000000dd780000,0x00000000de300000)
 ParOldGen       total 87552K, used 10099K [0x0000000080000000, 0x0000000085580000, 0x00000000d5580000)
  object space 87552K, 11% used [0x0000000080000000,0x00000000809dcca8,0x0000000085580000)
 Metaspace       used 20574K, capacity 21236K, committed 21296K, reserved 1067008K
  class space    used 2874K, capacity 3080K, committed 3120K, reserved 1048576K
Event: 1.452 GC heap after
Heap after GC invocations=7 (full 1):
 PSYoungGen      total 144384K, used 0K [0x00000000d5580000, 0x00000000dee80000, 0x0000000100000000)
  eden space 133120K, 0% used [0x00000000d5580000,0x00000000d5580000,0x00000000dd780000)
  from space 11264K, 0% used [0x00000000de380000,0x00000000de380000,0x00000000dee80000)
  to   space 11776K, 0% used [0x00000000dd780000,0x00000000dd780000,0x00000000de300000)
 ParOldGen       total 49664K, used 6632K [0x0000000080000000, 0x0000000083080000, 0x00000000d5580000)
  object space 49664K, 13% used [0x0000000080000000,0x000000008067a378,0x0000000083080000)
 Metaspace       used 20574K, capacity 21236K, committed 21296K, reserved 1067008K
  class space    used 2874K, capacity 3080K, committed 3120K, reserved 1048576K
}
Event: 2.103 GC heap before
{Heap before GC invocations=8 (full 1):
 PSYoungGen      total 144384K, used 133120K [0x00000000d5580000, 0x00000000dee80000, 0x0000000100000000)
  eden space 133120K, 100% used [0x00000000d5580000,0x00000000dd780000,0x00000000dd780000)
  from space 11264K, 0% used [0x00000000de380000,0x00000000de380000,0x00000000dee80000)
  to   space 11776K, 0% used [0x00000000dd780000,0x00000000dd780000,0x00000000de300000)
 ParOldGen       total 49664K, used 6632K [0x0000000080000000, 0x0000000083080000, 0x00000000d5580000)
  object space 49664K, 13% used [0x0000000080000000,0x000000008067a378,0x0000000083080000)
 Metaspace       used 32675K, capacity 33686K, committed 33968K, reserved 1079296K
  class space    used 4452K, capacity 4691K, committed 4784K, reserved 1048576K
Event: 2.112 GC heap after
Heap after GC invocations=8 (full 1):
 PSYoungGen      total 144896K, used 11755K [0x00000000d5580000, 0x00000000dee80000, 0x0000000100000000)
  eden space 133120K, 0% used [0x00000000d5580000,0x00000000d5580000,0x00000000dd780000)
  from space 11776K, 99% used [0x00000000dd780000,0x00000000de2fad98,0x00000000de300000)
  to   space 11264K, 0% used [0x00000000de380000,0x00000000de380000,0x00000000dee80000)
 ParOldGen       total 49664K, used 9297K [0x0000000080000000, 0x0000000083080000, 0x00000000d5580000)
  object space 49664K, 18% used [0x0000000080000000,0x0000000080914738,0x0000000083080000)
 Metaspace       used 32675K, capacity 33686K, committed 33968K, reserved 1079296K
  class space    used 4452K, capacity 4691K, committed 4784K, reserved 1048576K
}
Event: 2.230 GC heap before
{Heap before GC invocations=9 (full 1):
 PSYoungGen      total 144896K, used 46837K [0x00000000d5580000, 0x00000000dee80000, 0x0000000100000000)
  eden space 133120K, 26% used [0x00000000d5580000,0x00000000d77c26e8,0x00000000dd780000)
  from space 11776K, 99% used [0x00000000dd780000,0x00000000de2fad98,0x00000000de300000)
  to   space 11264K, 0% used [0x00000000de380000,0x00000000de380000,0x00000000dee80000)
 ParOldGen       total 49664K, used 9297K [0x0000000080000000, 0x0000000083080000, 0x00000000d5580000)
  object space 49664K, 18% used [0x0000000080000000,0x0000000080914738,0x0000000083080000)
 Metaspace       used 34264K, capacity 35424K, committed 35496K, reserved 1079296K
  class space    used 4716K, capacity 5005K, committed 5040K, reserved 1048576K
Event: 2.236 GC heap after
Heap after GC invocations=9 (full 1):
 PSYoungGen      total 144384K, used 9026K [0x00000000d5580000, 0x00000000dee80000, 0x0000000100000000)
  eden space 133120K, 0% used [0x00000000d5580000,0x00000000d5580000,0x00000000dd780000)
  from space 11264K, 80% used [0x00000000de380000,0x00000000dec508b8,0x00000000dee80000)
  to   space 11776K, 0% used [0x00000000dd780000,0x00000000dd780000,0x00000000de300000)
 ParOldGen       total 49664K, used 9305K [0x0000000080000000, 0x0000000083080000, 0x00000000d5580000)
  object space 49664K, 18% used [0x0000000080000000,0x0000000080916738,0x0000000083080000)
 Metaspace       used 34264K, capacity 35424K, committed 35496K, reserved 1079296K
  class space    used 4716K, capacity 5005K, committed 5040K, reserved 1048576K
}
Event: 2.236 GC heap before
{Heap before GC invocations=10 (full 2):
 PSYoungGen      total 144384K, used 9026K [0x00000000d5580000, 0x00000000dee80000, 0x0000000100000000)
  eden space 133120K, 0% used [0x00000000d5580000,0x00000000d5580000,0x00000000dd780000)
  from space 11264K, 80% used [0x00000000de380000,0x00000000dec508b8,0x00000000dee80000)
  to   space 11776K, 0% used [0x00000000dd780000,0x00000000dd780000,0x00000000de300000)
 ParOldGen       total 49664K, used 9305K [0x0000000080000000, 0x0000000083080000, 0x00000000d5580000)
  object space 49664K, 18% used [0x0000000080000000,0x0000000080916738,0x0000000083080000)
 Metaspace       used 34264K, capacity 35424K, committed 35496K, reserved 1079296K
  class space    used 4716K, capacity 5005K, committed 5040K, reserved 1048576K
Event: 2.266 GC heap after
Heap after GC invocations=10 (full 2):
 PSYoungGen      total 144384K, used 0K [0x00000000d5580000, 0x00000000dee80000, 0x0000000100000000)
  eden space 133120K, 0% used [0x00000000d5580000,0x00000000d5580000,0x00000000dd780000)
  from space 11264K, 0% used [0x00000000de380000,0x00000000de380000,0x00000000dee80000)
  to   space 11776K, 0% used [0x00000000dd780000,0x00000000dd780000,0x00000000de300000)
 ParOldGen       total 49664K, used 15217K [0x0000000080000000, 0x0000000083080000, 0x00000000d5580000)
  object space 49664K, 30% used [0x0000000080000000,0x0000000080edc528,0x0000000083080000)
 Metaspace       used 34264K, capacity 35424K, committed 35496K, reserved 1079296K
  class space    used 4716K, capacity 5005K, committed 5040K, reserved 1048576K
}

