# JRE version: OpenJDK Runtime Environment (8.0_242-b01) (build 1.8.0_242-release-1644-b01)
# Java VM: OpenJDK 64-Bit Server VM (25.242-b01 mixed mode windows-amd64 compressed oops)
Heap:
 PSYoungGen      total 144384K, used 15522K [0x00000000d5580000, 0x00000000dee80000, 0x0000000100000000)
  eden space 133120K, 3% used [0x00000000d5580000,0x00000000d59a9600,0x00000000dd780000)
  from space 11264K, 99% used [0x00000000de380000,0x00000000dee7f300,0x00000000dee80000)
  to   space 11776K, 0% used [0x00000000dd780000,0x00000000dd780000,0x00000000de300000)
 ParOldGen       total 60928K, used 19738K [0x0000000080000000, 0x0000000083b80000, 0x00000000d5580000)
  object space 60928K, 32% used [0x0000000080000000,0x0000000081346b30,0x0000000083b80000)
 Metaspace       used 49616K, capacity 51612K, committed 51752K, reserved 1093632K
  class space    used 6533K, capacity 6906K, committed 6960K, reserved 1048576K
GC Heap History (10 events):
Event: 2.271 GC heap before
{Heap before GC invocations=8 (full 1):
 PSYoungGen      total 144384K, used 132957K [0x00000000d5580000, 0x00000000dee80000, 0x0000000100000000)
  eden space 133120K, 99% used [0x00000000d5580000,0x00000000dd7576b0,0x00000000dd780000)
  from space 11264K, 0% used [0x00000000de380000,0x00000000de380000,0x00000000dee80000)
  to   space 11776K, 0% used [0x00000000dd780000,0x00000000dd780000,0x00000000de300000)
 ParOldGen       total 49152K, used 6613K [0x0000000080000000, 0x0000000083000000, 0x00000000d5580000)
  object space 49152K, 13% used [0x0000000080000000,0x00000000806755d8,0x0000000083000000)
 Metaspace       used 34104K, capacity 35152K, committed 35248K, reserved 1079296K
  class space    used 4467K, capacity 4734K, committed 4784K, reserved 1048576K
Event: 2.279 GC heap after
Heap after GC invocations=8 (full 1):
 PSYoungGen      total 144896K, used 11773K [0x00000000d5580000, 0x00000000dee80000, 0x0000000100000000)
  eden space 133120K, 0% used [0x00000000d5580000,0x00000000d5580000,0x00000000dd780000)
  from space 11776K, 99% used [0x00000000dd780000,0x00000000de2ff608,0x00000000de300000)
  to   space 11264K, 0% used [0x00000000de380000,0x00000000de380000,0x00000000dee80000)
 ParOldGen       total 49152K, used 10594K [0x0000000080000000, 0x0000000083000000, 0x00000000d5580000)
  object space 49152K, 21% used [0x0000000080000000,0x0000000080a58a50,0x0000000083000000)
 Metaspace       used 34104K, capacity 35152K, committed 35248K, reserved 1079296K
  class space    used 4467K, capacity 4734K, committed 4784K, reserved 1048576K
}
Event: 2.284 GC heap before
{Heap before GC invocations=9 (full 1):
 PSYoungGen      total 144896K, used 14797K [0x00000000d5580000, 0x00000000dee80000, 0x0000000100000000)
  eden space 133120K, 2% used [0x00000000d5580000,0x00000000d5873fe0,0x00000000dd780000)
  from space 11776K, 99% used [0x00000000dd780000,0x00000000de2ff608,0x00000000de300000)
  to   space 11264K, 0% used [0x00000000de380000,0x00000000de380000,0x00000000dee80000)
 ParOldGen       total 49152K, used 10594K [0x0000000080000000, 0x0000000083000000, 0x00000000d5580000)
  object space 49152K, 21% used [0x0000000080000000,0x0000000080a58a50,0x0000000083000000)
 Metaspace       used 34418K, capacity 35408K, committed 35496K, reserved 1079296K
  class space    used 4467K, capacity 4734K, committed 4784K, reserved 1048576K
Event: 2.287 GC heap after
Heap after GC invocations=9 (full 1):
 PSYoungGen      total 144384K, used 7284K [0x00000000d5580000, 0x00000000dee80000, 0x0000000100000000)
  eden space 133120K, 0% used [0x00000000d5580000,0x00000000d5580000,0x00000000dd780000)
  from space 11264K, 64% used [0x00000000de380000,0x00000000dea9d020,0x00000000dee80000)
  to   space 11776K, 0% used [0x00000000dd780000,0x00000000dd780000,0x00000000de300000)
 ParOldGen       total 49152K, used 10602K [0x0000000080000000, 0x0000000083000000, 0x00000000d5580000)
  object space 49152K, 21% used [0x0000000080000000,0x0000000080a5aa50,0x0000000083000000)
 Metaspace       used 34418K, capacity 35408K, committed 35496K, reserved 1079296K
  class space    used 4467K, capacity 4734K, committed 4784K, reserved 1048576K
}
Event: 2.287 GC heap before
{Heap before GC invocations=10 (full 2):
 PSYoungGen      total 144384K, used 7284K [0x00000000d5580000, 0x00000000dee80000, 0x0000000100000000)
  eden space 133120K, 0% used [0x00000000d5580000,0x00000000d5580000,0x00000000dd780000)
  from space 11264K, 64% used [0x00000000de380000,0x00000000dea9d020,0x00000000dee80000)
  to   space 11776K, 0% used [0x00000000dd780000,0x00000000dd780000,0x00000000de300000)
 ParOldGen       total 49152K, used 10602K [0x0000000080000000, 0x0000000083000000, 0x00000000d5580000)
  object space 49152K, 21% used [0x0000000080000000,0x0000000080a5aa50,0x0000000083000000)
 Metaspace       used 34418K, capacity 35408K, committed 35496K, reserved 1079296K
  class space    used 4467K, capacity 4734K, committed 4784K, reserved 1048576K
Event: 2.314 GC heap after
Heap after GC invocations=10 (full 2):
 PSYoungGen      total 144384K, used 0K [0x00000000d5580000, 0x00000000dee80000, 0x0000000100000000)
  eden space 133120K, 0% used [0x00000000d5580000,0x00000000d5580000,0x00000000dd780000)
  from space 11264K, 0% used [0x00000000de380000,0x00000000de380000,0x00000000dee80000)
  to   space 11776K, 0% used [0x00000000dd780000,0x00000000dd780000,0x00000000de300000)
 ParOldGen       total 60928K, used 13673K [0x0000000080000000, 0x0000000083b80000, 0x00000000d5580000)
  object space 60928K, 22% used [0x0000000080000000,0x0000000080d5a508,0x0000000083b80000)
 Metaspace       used 34302K, capacity 35224K, committed 35496K, reserved 1079296K
  class space    used 4446K, capacity 4694K, committed 4784K, reserved 1048576K
}
Event: 2.838 GC heap before
{Heap before GC invocations=11 (full 2):
 PSYoungGen      total 144384K, used 133120K [0x00000000d5580000, 0x00000000dee80000, 0x0000000100000000)
  eden space 133120K, 100% used [0x00000000d5580000,0x00000000dd780000,0x00000000dd780000)
  from space 11264K, 0% used [0x00000000de380000,0x00000000de380000,0x00000000dee80000)
  to   space 11776K, 0% used [0x00000000dd780000,0x00000000dd780000,0x00000000de300000)
 ParOldGen       total 60928K, used 13673K [0x0000000080000000, 0x0000000083b80000, 0x00000000d5580000)
  object space 60928K, 22% used [0x0000000080000000,0x0000000080d5a508,0x0000000083b80000)
 Metaspace       used 40442K, capacity 42028K, committed 42152K, reserved 1085440K
  class space    used 5379K, capacity 5694K, committed 5808K, reserved 1048576K
Event: 2.843 GC heap after
Heap after GC invocations=11 (full 2):
 PSYoungGen      total 144896K, used 10417K [0x00000000d5580000, 0x00000000dee80000, 0x0000000100000000)
  eden space 133120K, 0% used [0x00000000d5580000,0x00000000d5580000,0x00000000dd780000)
  from space 11776K, 88% used [0x00000000dd780000,0x00000000de1ac660,0x00000000de300000)
  to   space 11264K, 0% used [0x00000000de380000,0x00000000de380000,0x00000000dee80000)
 ParOldGen       total 60928K, used 13681K [0x0000000080000000, 0x0000000083b80000, 0x00000000d5580000)
  object space 60928K, 22% used [0x0000000080000000,0x0000000080d5c508,0x0000000083b80000)
 Metaspace       used 40442K, capacity 42028K, committed 42152K, reserved 1085440K
  class space    used 5379K, capacity 5694K, committed 5808K, reserved 1048576K
}
Event: 3.425 GC heap before
{Heap before GC invocations=12 (full 2):
 PSYoungGen      total 144896K, used 143537K [0x00000000d5580000, 0x00000000dee80000, 0x0000000100000000)
  eden space 133120K, 100% used [0x00000000d5580000,0x00000000dd780000,0x00000000dd780000)
  from space 11776K, 88% used [0x00000000dd780000,0x00000000de1ac660,0x00000000de300000)
  to   space 11264K, 0% used [0x00000000de380000,0x00000000de380000,0x00000000dee80000)
 ParOldGen       total 60928K, used 13681K [0x0000000080000000, 0x0000000083b80000, 0x00000000d5580000)
  object space 60928K, 22% used [0x0000000080000000,0x0000000080d5c508,0x0000000083b80000)
 Metaspace       used 49441K, capacity 51420K, committed 51752K, reserved 1093632K
  class space    used 6509K, capacity 6906K, committed 6960K, reserved 1048576K
Event: 3.436 GC heap after
Heap after GC invocations=12 (full 2):
 PSYoungGen      total 144384K, used 11260K [0x00000000d5580000, 0x00000000dee80000, 0x0000000100000000)
  eden space 133120K, 0% used [0x00000000d5580000,0x00000000d5580000,0x00000000dd780000)
  from space 11264K, 99% used [0x00000000de380000,0x00000000dee7f300,0x00000000dee80000)
  to   space 11776K, 0% used [0x00000000dd780000,0x00000000dd780000,0x00000000de300000)
 ParOldGen       total 60928K, used 19738K [0x0000000080000000, 0x0000000083b80000, 0x00000000d5580000)
  object space 60928K, 32% used [0x0000000080000000,0x0000000081346b30,0x0000000083b80000)
 Metaspace       used 49441K, capacity 51420K, committed 51752K, reserved 1093632K
  class space    used 6509K, capacity 6906K, committed 6960K, reserved 1048576K
}

