# JRE version: OpenJDK Runtime Environment (8.0_242-b01) (build 1.8.0_242-release-1644-b01)
# Java VM: OpenJDK 64-Bit Server VM (25.242-b01 mixed mode windows-amd64 compressed oops)
Heap:
 PSYoungGen      total 181760K, used 107685K [0x00000000d5580000, 0x00000000e2380000, 0x0000000100000000)
  eden space 160768K, 57% used [0x00000000d5580000,0x00000000db08db80,0x00000000df280000)
  from space 20992K, 68% used [0x00000000df280000,0x00000000e009ba80,0x00000000e0700000)
  to   space 16384K, 0% used [0x00000000e0700000,0x00000000e0700000,0x00000000e1700000)
 ParOldGen       total 90624K, used 34777K [0x0000000080000000, 0x0000000085880000, 0x00000000d5580000)
  object space 90624K, 38% used [0x0000000080000000,0x00000000821f6550,0x0000000085880000)
 Metaspace       used 70855K, capacity 74020K, committed 74264K, reserved 1114112K
  class space    used 9276K, capacity 9921K, committed 10024K, reserved 1048576K
GC Heap History (10 events):
Event: 2.542 GC heap before
{Heap before GC invocations=12 (full 2):
 PSYoungGen      total 114176K, used 101888K [0x00000000d5580000, 0x00000000df880000, 0x0000000100000000)
  eden space 101888K, 100% used [0x00000000d5580000,0x00000000db900000,0x00000000db900000)
  from space 12288K, 0% used [0x00000000db900000,0x00000000db900000,0x00000000dc500000)
  to   space 12800K, 0% used [0x00000000dec00000,0x00000000dec00000,0x00000000df880000)
 ParOldGen       total 90624K, used 15759K [0x0000000080000000, 0x0000000085880000, 0x00000000d5580000)
  object space 90624K, 17% used [0x0000000080000000,0x0000000080f63f78,0x0000000085880000)
 Metaspace       used 36693K, capacity 38336K, committed 38696K, reserved 1083392K
  class space    used 5043K, capacity 5340K, committed 5416K, reserved 1048576K
Event: 2.545 GC heap after
Heap after GC invocations=12 (full 2):
 PSYoungGen      total 135680K, used 4871K [0x00000000d5580000, 0x00000000df100000, 0x0000000100000000)
  eden space 130560K, 0% used [0x00000000d5580000,0x00000000d5580000,0x00000000dd500000)
  from space 5120K, 95% used [0x00000000dec00000,0x00000000df0c1f00,0x00000000df100000)
  to   space 12800K, 0% used [0x00000000dd800000,0x00000000dd800000,0x00000000de480000)
 ParOldGen       total 90624K, used 15767K [0x0000000080000000, 0x0000000085880000, 0x00000000d5580000)
  object space 90624K, 17% used [0x0000000080000000,0x0000000080f65f78,0x0000000085880000)
 Metaspace       used 36693K, capacity 38336K, committed 38696K, reserved 1083392K
  class space    used 5043K, capacity 5340K, committed 5416K, reserved 1048576K
}
Event: 3.269 GC heap before
{Heap before GC invocations=13 (full 2):
 PSYoungGen      total 135680K, used 135431K [0x00000000d5580000, 0x00000000df100000, 0x0000000100000000)
  eden space 130560K, 100% used [0x00000000d5580000,0x00000000dd500000,0x00000000dd500000)
  from space 5120K, 95% used [0x00000000dec00000,0x00000000df0c1f00,0x00000000df100000)
  to   space 12800K, 0% used [0x00000000dd800000,0x00000000dd800000,0x00000000de480000)
 ParOldGen       total 90624K, used 15767K [0x0000000080000000, 0x0000000085880000, 0x00000000d5580000)
  object space 90624K, 17% used [0x0000000080000000,0x0000000080f65f78,0x0000000085880000)
 Metaspace       used 48811K, capacity 50854K, committed 51112K, reserved 1093632K
  class space    used 6570K, capacity 6963K, committed 7080K, reserved 1048576K
Event: 3.279 GC heap after
Heap after GC invocations=13 (full 2):
 PSYoungGen      total 146432K, used 12776K [0x00000000d5580000, 0x00000000e1700000, 0x0000000100000000)
  eden space 133632K, 0% used [0x00000000d5580000,0x00000000d5580000,0x00000000dd800000)
  from space 12800K, 99% used [0x00000000dd800000,0x00000000de47a1f0,0x00000000de480000)
  to   space 16384K, 0% used [0x00000000e0700000,0x00000000e0700000,0x00000000e1700000)
 ParOldGen       total 90624K, used 22014K [0x0000000080000000, 0x0000000085880000, 0x00000000d5580000)
  object space 90624K, 24% used [0x0000000080000000,0x000000008157fa60,0x0000000085880000)
 Metaspace       used 48811K, capacity 50854K, committed 51112K, reserved 1093632K
  class space    used 6570K, capacity 6963K, committed 7080K, reserved 1048576K
}
Event: 3.878 GC heap before
{Heap before GC invocations=14 (full 2):
 PSYoungGen      total 146432K, used 113182K [0x00000000d5580000, 0x00000000e1700000, 0x0000000100000000)
  eden space 133632K, 75% used [0x00000000d5580000,0x00000000db78d8f0,0x00000000dd800000)
  from space 12800K, 99% used [0x00000000dd800000,0x00000000de47a1f0,0x00000000de480000)
  to   space 16384K, 0% used [0x00000000e0700000,0x00000000e0700000,0x00000000e1700000)
 ParOldGen       total 90624K, used 22014K [0x0000000080000000, 0x0000000085880000, 0x00000000d5580000)
  object space 90624K, 24% used [0x0000000080000000,0x000000008157fa60,0x0000000085880000)
 Metaspace       used 56709K, capacity 59060K, committed 59160K, reserved 1099776K
  class space    used 7704K, capacity 8182K, committed 8232K, reserved 1048576K
Event: 3.890 GC heap after
Heap after GC invocations=14 (full 2):
 PSYoungGen      total 177152K, used 16368K [0x00000000d5580000, 0x00000000e2380000, 0x0000000100000000)
  eden space 160768K, 0% used [0x00000000d5580000,0x00000000d5580000,0x00000000df280000)
  from space 16384K, 99% used [0x00000000e0700000,0x00000000e16fc300,0x00000000e1700000)
  to   space 20992K, 0% used [0x00000000df280000,0x00000000df280000,0x00000000e0700000)
 ParOldGen       total 90624K, used 27435K [0x0000000080000000, 0x0000000085880000, 0x00000000d5580000)
  object space 90624K, 30% used [0x0000000080000000,0x0000000081acad70,0x0000000085880000)
 Metaspace       used 56709K, capacity 59060K, committed 59160K, reserved 1099776K
  class space    used 7704K, capacity 8182K, committed 8232K, reserved 1048576K
}
Event: 3.890 GC heap before
{Heap before GC invocations=15 (full 3):
 PSYoungGen      total 177152K, used 16368K [0x00000000d5580000, 0x00000000e2380000, 0x0000000100000000)
  eden space 160768K, 0% used [0x00000000d5580000,0x00000000d5580000,0x00000000df280000)
  from space 16384K, 99% used [0x00000000e0700000,0x00000000e16fc300,0x00000000e1700000)
  to   space 20992K, 0% used [0x00000000df280000,0x00000000df280000,0x00000000e0700000)
 ParOldGen       total 90624K, used 27435K [0x0000000080000000, 0x0000000085880000, 0x00000000d5580000)
  object space 90624K, 30% used [0x0000000080000000,0x0000000081acad70,0x0000000085880000)
 Metaspace       used 56709K, capacity 59060K, committed 59160K, reserved 1099776K
  class space    used 7704K, capacity 8182K, committed 8232K, reserved 1048576K
Event: 4.034 GC heap after
Heap after GC invocations=15 (full 3):
 PSYoungGen      total 177152K, used 0K [0x00000000d5580000, 0x00000000e2380000, 0x0000000100000000)
  eden space 160768K, 0% used [0x00000000d5580000,0x00000000d5580000,0x00000000df280000)
  from space 16384K, 0% used [0x00000000e0700000,0x00000000e0700000,0x00000000e1700000)
  to   space 20992K, 0% used [0x00000000df280000,0x00000000df280000,0x00000000e0700000)
 ParOldGen       total 90624K, used 34769K [0x0000000080000000, 0x0000000085880000, 0x00000000d5580000)
  object space 90624K, 38% used [0x0000000080000000,0x00000000821f4550,0x0000000085880000)
 Metaspace       used 56635K, capacity 58808K, committed 59160K, reserved 1099776K
  class space    used 7681K, capacity 8140K, committed 8232K, reserved 1048576K
}
Event: 34.660 GC heap before
{Heap before GC invocations=16 (full 3):
 PSYoungGen      total 177152K, used 160768K [0x00000000d5580000, 0x00000000e2380000, 0x0000000100000000)
  eden space 160768K, 100% used [0x00000000d5580000,0x00000000df280000,0x00000000df280000)
  from space 16384K, 0% used [0x00000000e0700000,0x00000000e0700000,0x00000000e1700000)
  to   space 20992K, 0% used [0x00000000df280000,0x00000000df280000,0x00000000e0700000)
 ParOldGen       total 90624K, used 34769K [0x0000000080000000, 0x0000000085880000, 0x00000000d5580000)
  object space 90624K, 38% used [0x0000000080000000,0x00000000821f4550,0x0000000085880000)
 Metaspace       used 66687K, capacity 69554K, committed 69656K, reserved 1110016K
  class space    used 8793K, capacity 9411K, committed 9512K, reserved 1048576K
Event: 34.672 GC heap after
Heap after GC invocations=16 (full 3):
 PSYoungGen      total 181760K, used 14446K [0x00000000d5580000, 0x00000000e2380000, 0x0000000100000000)
  eden space 160768K, 0% used [0x00000000d5580000,0x00000000d5580000,0x00000000df280000)
  from space 20992K, 68% used [0x00000000df280000,0x00000000e009ba80,0x00000000e0700000)
  to   space 16384K, 0% used [0x00000000e0700000,0x00000000e0700000,0x00000000e1700000)
 ParOldGen       total 90624K, used 34777K [0x0000000080000000, 0x0000000085880000, 0x00000000d5580000)
  object space 90624K, 38% used [0x0000000080000000,0x00000000821f6550,0x0000000085880000)
 Metaspace       used 66687K, capacity 69554K, committed 69656K, reserved 1110016K
  class space    used 8793K, capacity 9411K, committed 9512K, reserved 1048576K
}

