# JRE version: OpenJDK Runtime Environment (8.0_242-b01) (build 1.8.0_242-release-1644-b01)
# Java VM: OpenJDK 64-Bit Server VM (25.242-b01 mixed mode windows-amd64 compressed oops)
Heap:
 PSYoungGen      total 136192K, used 33406K [0x00000000d5580000, 0x00000000df180000, 0x0000000100000000)
  eden space 131072K, 25% used [0x00000000d5580000,0x00000000d761f998,0x00000000dd580000)
  from space 5120K, 0% used [0x00000000dec80000,0x00000000dec80000,0x00000000df180000)
  to   space 12800K, 0% used [0x00000000dd880000,0x00000000dd880000,0x00000000de500000)
 ParOldGen       total 60416K, used 25173K [0x0000000080000000, 0x0000000083b00000, 0x00000000d5580000)
  object space 60416K, 41% used [0x0000000080000000,0x0000000081895500,0x0000000083b00000)
 Metaspace       used 52185K, capacity 54286K, committed 54568K, reserved 1099776K
  class space    used 6953K, capacity 7408K, committed 7464K, reserved 1048576K
GC Heap History (10 events):
Event: 2.208 GC heap before
{Heap before GC invocations=11 (full 2):
 PSYoungGen      total 113664K, used 9450K [0x00000000d5580000, 0x00000000df900000, 0x0000000100000000)
  eden space 101376K, 0% used [0x00000000d5580000,0x00000000d5580000,0x00000000db880000)
  from space 12288K, 76% used [0x00000000db880000,0x00000000dc1bab68,0x00000000dc480000)
  to   space 12800K, 0% used [0x00000000dec80000,0x00000000dec80000,0x00000000df900000)
 ParOldGen       total 60416K, used 9053K [0x0000000080000000, 0x0000000083b00000, 0x00000000d5580000)
  object space 60416K, 14% used [0x0000000080000000,0x00000000808d7428,0x0000000083b00000)
 Metaspace       used 34257K, capacity 35446K, committed 35496K, reserved 1079296K
  class space    used 4698K, capacity 4985K, committed 5032K, reserved 1048576K
Event: 2.238 GC heap after
Heap after GC invocations=11 (full 2):
 PSYoungGen      total 113664K, used 0K [0x00000000d5580000, 0x00000000df900000, 0x0000000100000000)
  eden space 101376K, 0% used [0x00000000d5580000,0x00000000d5580000,0x00000000db880000)
  from space 12288K, 0% used [0x00000000db880000,0x00000000db880000,0x00000000dc480000)
  to   space 12800K, 0% used [0x00000000dec80000,0x00000000dec80000,0x00000000df900000)
 ParOldGen       total 60416K, used 15766K [0x0000000080000000, 0x0000000083b00000, 0x00000000d5580000)
  object space 60416K, 26% used [0x0000000080000000,0x0000000080f65a38,0x0000000083b00000)
 Metaspace       used 34257K, capacity 35446K, committed 35496K, reserved 1079296K
  class space    used 4698K, capacity 4985K, committed 5032K, reserved 1048576K
}
Event: 2.523 GC heap before
{Heap before GC invocations=12 (full 2):
 PSYoungGen      total 113664K, used 101376K [0x00000000d5580000, 0x00000000df900000, 0x0000000100000000)
  eden space 101376K, 100% used [0x00000000d5580000,0x00000000db880000,0x00000000db880000)
  from space 12288K, 0% used [0x00000000db880000,0x00000000db880000,0x00000000dc480000)
  to   space 12800K, 0% used [0x00000000dec80000,0x00000000dec80000,0x00000000df900000)
 ParOldGen       total 60416K, used 15766K [0x0000000080000000, 0x0000000083b00000, 0x00000000d5580000)
  object space 60416K, 26% used [0x0000000080000000,0x0000000080f65a38,0x0000000083b00000)
 Metaspace       used 36688K, capacity 38362K, committed 38696K, reserved 1083392K
  class space    used 5039K, capacity 5344K, committed 5416K, reserved 1048576K
Event: 2.527 GC heap after
Heap after GC invocations=12 (full 2):
 PSYoungGen      total 136192K, used 4942K [0x00000000d5580000, 0x00000000df180000, 0x0000000100000000)
  eden space 131072K, 0% used [0x00000000d5580000,0x00000000d5580000,0x00000000dd580000)
  from space 5120K, 96% used [0x00000000dec80000,0x00000000df153970,0x00000000df180000)
  to   space 12800K, 0% used [0x00000000dd880000,0x00000000dd880000,0x00000000de500000)
 ParOldGen       total 60416K, used 15774K [0x0000000080000000, 0x0000000083b00000, 0x00000000d5580000)
  object space 60416K, 26% used [0x0000000080000000,0x0000000080f67a38,0x0000000083b00000)
 Metaspace       used 36688K, capacity 38362K, committed 38696K, reserved 1083392K
  class space    used 5039K, capacity 5344K, committed 5416K, reserved 1048576K
}
Event: 3.270 GC heap before
{Heap before GC invocations=13 (full 2):
 PSYoungGen      total 136192K, used 136014K [0x00000000d5580000, 0x00000000df180000, 0x0000000100000000)
  eden space 131072K, 100% used [0x00000000d5580000,0x00000000dd580000,0x00000000dd580000)
  from space 5120K, 96% used [0x00000000dec80000,0x00000000df153970,0x00000000df180000)
  to   space 12800K, 0% used [0x00000000dd880000,0x00000000dd880000,0x00000000de500000)
 ParOldGen       total 60416K, used 15774K [0x0000000080000000, 0x0000000083b00000, 0x00000000d5580000)
  object space 60416K, 26% used [0x0000000080000000,0x0000000080f67a38,0x0000000083b00000)
 Metaspace       used 49974K, capacity 52086K, committed 52264K, reserved 1093632K
  class space    used 6677K, capacity 7093K, committed 7208K, reserved 1048576K
Event: 3.281 GC heap after
Heap after GC invocations=13 (full 2):
 PSYoungGen      total 143872K, used 12768K [0x00000000d5580000, 0x00000000df180000, 0x0000000100000000)
  eden space 131072K, 0% used [0x00000000d5580000,0x00000000d5580000,0x00000000dd580000)
  from space 12800K, 99% used [0x00000000dd880000,0x00000000de4f8210,0x00000000de500000)
  to   space 5120K, 0% used [0x00000000dec80000,0x00000000dec80000,0x00000000df180000)
 ParOldGen       total 60416K, used 22641K [0x0000000080000000, 0x0000000083b00000, 0x00000000d5580000)
  object space 60416K, 37% used [0x0000000080000000,0x000000008161c668,0x0000000083b00000)
 Metaspace       used 49974K, capacity 52086K, committed 52264K, reserved 1093632K
  class space    used 6677K, capacity 7093K, committed 7208K, reserved 1048576K
}
Event: 3.368 GC heap before
{Heap before GC invocations=14 (full 2):
 PSYoungGen      total 143872K, used 25934K [0x00000000d5580000, 0x00000000df180000, 0x0000000100000000)
  eden space 131072K, 10% used [0x00000000d5580000,0x00000000d625b978,0x00000000dd580000)
  from space 12800K, 99% used [0x00000000dd880000,0x00000000de4f8210,0x00000000de500000)
  to   space 5120K, 0% used [0x00000000dec80000,0x00000000dec80000,0x00000000df180000)
 ParOldGen       total 60416K, used 22641K [0x0000000080000000, 0x0000000083b00000, 0x00000000d5580000)
  object space 60416K, 37% used [0x0000000080000000,0x000000008161c668,0x0000000083b00000)
 Metaspace       used 51235K, capacity 53334K, committed 53416K, reserved 1099776K
  class space    used 6826K, capacity 7283K, committed 7336K, reserved 1048576K
Event: 3.374 GC heap after
Heap after GC invocations=14 (full 2):
 PSYoungGen      total 136192K, used 1673K [0x00000000d5580000, 0x00000000df180000, 0x0000000100000000)
  eden space 131072K, 0% used [0x00000000d5580000,0x00000000d5580000,0x00000000dd580000)
  from space 5120K, 32% used [0x00000000dec80000,0x00000000dee22620,0x00000000df180000)
  to   space 12800K, 0% used [0x00000000dd880000,0x00000000dd880000,0x00000000de500000)
 ParOldGen       total 60416K, used 33032K [0x0000000080000000, 0x0000000083b00000, 0x00000000d5580000)
  object space 60416K, 54% used [0x0000000080000000,0x0000000082042190,0x0000000083b00000)
 Metaspace       used 51235K, capacity 53334K, committed 53416K, reserved 1099776K
  class space    used 6826K, capacity 7283K, committed 7336K, reserved 1048576K
}
Event: 3.374 GC heap before
{Heap before GC invocations=15 (full 3):
 PSYoungGen      total 136192K, used 1673K [0x00000000d5580000, 0x00000000df180000, 0x0000000100000000)
  eden space 131072K, 0% used [0x00000000d5580000,0x00000000d5580000,0x00000000dd580000)
  from space 5120K, 32% used [0x00000000dec80000,0x00000000dee22620,0x00000000df180000)
  to   space 12800K, 0% used [0x00000000dd880000,0x00000000dd880000,0x00000000de500000)
 ParOldGen       total 60416K, used 33032K [0x0000000080000000, 0x0000000083b00000, 0x00000000d5580000)
  object space 60416K, 54% used [0x0000000080000000,0x0000000082042190,0x0000000083b00000)
 Metaspace       used 51235K, capacity 53334K, committed 53416K, reserved 1099776K
  class space    used 6826K, capacity 7283K, committed 7336K, reserved 1048576K
Event: 3.507 GC heap after
Heap after GC invocations=15 (full 3):
 PSYoungGen      total 136192K, used 0K [0x00000000d5580000, 0x00000000df180000, 0x0000000100000000)
  eden space 131072K, 0% used [0x00000000d5580000,0x00000000d5580000,0x00000000dd580000)
  from space 5120K, 0% used [0x00000000dec80000,0x00000000dec80000,0x00000000df180000)
  to   space 12800K, 0% used [0x00000000dd880000,0x00000000dd880000,0x00000000de500000)
 ParOldGen       total 60416K, used 25173K [0x0000000080000000, 0x0000000083b00000, 0x00000000d5580000)
  object space 60416K, 41% used [0x0000000080000000,0x0000000081895500,0x0000000083b00000)
 Metaspace       used 51158K, capacity 53070K, committed 53416K, reserved 1097728K
  class space    used 6802K, capacity 7239K, committed 7336K, reserved 1048576K
}

