# JRE version: OpenJDK Runtime Environment (8.0_242-b01) (build 1.8.0_242-release-1644-b01)
# Java VM: OpenJDK 64-Bit Server VM (25.242-b01 mixed mode windows-amd64 compressed oops)
Heap:
 PSYoungGen      total 144896K, used 43601K [0x00000000d5580000, 0x00000000df300000, 0x0000000100000000)
  eden space 132096K, 23% used [0x00000000d5580000,0x00000000d7395290,0x00000000dd680000)
  from space 12800K, 99% used [0x00000000dda00000,0x00000000de67f2e8,0x00000000de680000)
  to   space 5120K, 0% used [0x00000000dee00000,0x00000000dee00000,0x00000000df300000)
 ParOldGen       total 60928K, used 22518K [0x0000000080000000, 0x0000000083b80000, 0x00000000d5580000)
  object space 60928K, 36% used [0x0000000080000000,0x00000000815fd920,0x0000000083b80000)
 Metaspace       used 52297K, capacity 54455K, committed 54568K, reserved 1095680K
  class space    used 6979K, capacity 7418K, committed 7472K, reserved 1048576K
GC Heap History (10 events):
Event: 2.081 GC heap before
{Heap before GC invocations=9 (full 1):
 PSYoungGen      total 76800K, used 74671K [0x00000000d5580000, 0x00000000dd100000, 0x0000000100000000)
  eden space 66048K, 100% used [0x00000000d5580000,0x00000000d9600000,0x00000000d9600000)
  from space 10752K, 80% used [0x00000000d9600000,0x00000000d9e6bcf8,0x00000000da080000)
  to   space 11264K, 0% used [0x00000000dc600000,0x00000000dc600000,0x00000000dd100000)
 ParOldGen       total 60928K, used 9040K [0x0000000080000000, 0x0000000083b80000, 0x00000000d5580000)
  object space 60928K, 14% used [0x0000000080000000,0x00000000808d41a0,0x0000000083b80000)
 Metaspace       used 32869K, capacity 33910K, committed 33968K, reserved 1079296K
  class space    used 4481K, capacity 4764K, committed 4784K, reserved 1048576K
Event: 2.086 GC heap after
Heap after GC invocations=9 (full 1):
 PSYoungGen      total 114176K, used 10128K [0x00000000d5580000, 0x00000000dd300000, 0x0000000100000000)
  eden space 102912K, 0% used [0x00000000d5580000,0x00000000d5580000,0x00000000dba00000)
  from space 11264K, 89% used [0x00000000dc600000,0x00000000dcfe4320,0x00000000dd100000)
  to   space 12288K, 0% used [0x00000000dba00000,0x00000000dba00000,0x00000000dc600000)
 ParOldGen       total 60928K, used 9048K [0x0000000080000000, 0x0000000083b80000, 0x00000000d5580000)
  object space 60928K, 14% used [0x0000000080000000,0x00000000808d61a0,0x0000000083b80000)
 Metaspace       used 32869K, capacity 33910K, committed 33968K, reserved 1079296K
  class space    used 4481K, capacity 4764K, committed 4784K, reserved 1048576K
}
Event: 2.192 GC heap before
{Heap before GC invocations=10 (full 1):
 PSYoungGen      total 114176K, used 41699K [0x00000000d5580000, 0x00000000dd300000, 0x0000000100000000)
  eden space 102912K, 30% used [0x00000000d5580000,0x00000000d7454b80,0x00000000dba00000)
  from space 11264K, 89% used [0x00000000dc600000,0x00000000dcfe4320,0x00000000dd100000)
  to   space 12288K, 0% used [0x00000000dba00000,0x00000000dba00000,0x00000000dc600000)
 ParOldGen       total 60928K, used 9048K [0x0000000080000000, 0x0000000083b80000, 0x00000000d5580000)
  object space 60928K, 14% used [0x0000000080000000,0x00000000808d61a0,0x0000000083b80000)
 Metaspace       used 34222K, capacity 35441K, committed 35496K, reserved 1079296K
  class space    used 4700K, capacity 4985K, committed 5040K, reserved 1048576K
Event: 2.198 GC heap after
Heap after GC invocations=10 (full 1):
 PSYoungGen      total 115200K, used 9369K [0x00000000d5580000, 0x00000000dfa80000, 0x0000000100000000)
  eden space 102912K, 0% used [0x00000000d5580000,0x00000000d5580000,0x00000000dba00000)
  from space 12288K, 76% used [0x00000000dba00000,0x00000000dc3266a0,0x00000000dc600000)
  to   space 12800K, 0% used [0x00000000dee00000,0x00000000dee00000,0x00000000dfa80000)
 ParOldGen       total 60928K, used 9056K [0x0000000080000000, 0x0000000083b80000, 0x00000000d5580000)
  object space 60928K, 14% used [0x0000000080000000,0x00000000808d81a0,0x0000000083b80000)
 Metaspace       used 34222K, capacity 35441K, committed 35496K, reserved 1079296K
  class space    used 4700K, capacity 4985K, committed 5040K, reserved 1048576K
}
Event: 2.198 GC heap before
{Heap before GC invocations=11 (full 2):
 PSYoungGen      total 115200K, used 9369K [0x00000000d5580000, 0x00000000dfa80000, 0x0000000100000000)
  eden space 102912K, 0% used [0x00000000d5580000,0x00000000d5580000,0x00000000dba00000)
  from space 12288K, 76% used [0x00000000dba00000,0x00000000dc3266a0,0x00000000dc600000)
  to   space 12800K, 0% used [0x00000000dee00000,0x00000000dee00000,0x00000000dfa80000)
 ParOldGen       total 60928K, used 9056K [0x0000000080000000, 0x0000000083b80000, 0x00000000d5580000)
  object space 60928K, 14% used [0x0000000080000000,0x00000000808d81a0,0x0000000083b80000)
 Metaspace       used 34222K, capacity 35441K, committed 35496K, reserved 1079296K
  class space    used 4700K, capacity 4985K, committed 5040K, reserved 1048576K
Event: 2.229 GC heap after
Heap after GC invocations=11 (full 2):
 PSYoungGen      total 115200K, used 0K [0x00000000d5580000, 0x00000000dfa80000, 0x0000000100000000)
  eden space 102912K, 0% used [0x00000000d5580000,0x00000000d5580000,0x00000000dba00000)
  from space 12288K, 0% used [0x00000000dba00000,0x00000000dba00000,0x00000000dc600000)
  to   space 12800K, 0% used [0x00000000dee00000,0x00000000dee00000,0x00000000dfa80000)
 ParOldGen       total 60928K, used 15715K [0x0000000080000000, 0x0000000083b80000, 0x00000000d5580000)
  object space 60928K, 25% used [0x0000000080000000,0x0000000080f58db0,0x0000000083b80000)
 Metaspace       used 34222K, capacity 35441K, committed 35496K, reserved 1079296K
  class space    used 4700K, capacity 4985K, committed 5040K, reserved 1048576K
}
Event: 2.504 GC heap before
{Heap before GC invocations=12 (full 2):
 PSYoungGen      total 115200K, used 102912K [0x00000000d5580000, 0x00000000dfa80000, 0x0000000100000000)
  eden space 102912K, 100% used [0x00000000d5580000,0x00000000dba00000,0x00000000dba00000)
  from space 12288K, 0% used [0x00000000dba00000,0x00000000dba00000,0x00000000dc600000)
  to   space 12800K, 0% used [0x00000000dee00000,0x00000000dee00000,0x00000000dfa80000)
 ParOldGen       total 60928K, used 15715K [0x0000000080000000, 0x0000000083b80000, 0x00000000d5580000)
  object space 60928K, 25% used [0x0000000080000000,0x0000000080f58db0,0x0000000083b80000)
 Metaspace       used 36674K, capacity 38351K, committed 38696K, reserved 1083392K
  class space    used 5044K, capacity 5342K, committed 5424K, reserved 1048576K
Event: 2.508 GC heap after
Heap after GC invocations=12 (full 2):
 PSYoungGen      total 137216K, used 4907K [0x00000000d5580000, 0x00000000df300000, 0x0000000100000000)
  eden space 132096K, 0% used [0x00000000d5580000,0x00000000d5580000,0x00000000dd680000)
  from space 5120K, 95% used [0x00000000dee00000,0x00000000df2cadd0,0x00000000df300000)
  to   space 12800K, 0% used [0x00000000dda00000,0x00000000dda00000,0x00000000de680000)
 ParOldGen       total 60928K, used 15723K [0x0000000080000000, 0x0000000083b80000, 0x00000000d5580000)
  object space 60928K, 25% used [0x0000000080000000,0x0000000080f5adb0,0x0000000083b80000)
 Metaspace       used 36674K, capacity 38351K, committed 38696K, reserved 1083392K
  class space    used 5044K, capacity 5342K, committed 5424K, reserved 1048576K
}
Event: 3.349 GC heap before
{Heap before GC invocations=13 (full 2):
 PSYoungGen      total 137216K, used 137003K [0x00000000d5580000, 0x00000000df300000, 0x0000000100000000)
  eden space 132096K, 100% used [0x00000000d5580000,0x00000000dd680000,0x00000000dd680000)
  from space 5120K, 95% used [0x00000000dee00000,0x00000000df2cadd0,0x00000000df300000)
  to   space 12800K, 0% used [0x00000000dda00000,0x00000000dda00000,0x00000000de680000)
 ParOldGen       total 60928K, used 15723K [0x0000000080000000, 0x0000000083b80000, 0x00000000d5580000)
  object space 60928K, 25% used [0x0000000080000000,0x0000000080f5adb0,0x0000000083b80000)
 Metaspace       used 50150K, capacity 52215K, committed 52520K, reserved 1095680K
  class space    used 6706K, capacity 7094K, committed 7216K, reserved 1048576K
Event: 3.359 GC heap after
Heap after GC invocations=13 (full 2):
 PSYoungGen      total 144896K, used 12796K [0x00000000d5580000, 0x00000000df300000, 0x0000000100000000)
  eden space 132096K, 0% used [0x00000000d5580000,0x00000000d5580000,0x00000000dd680000)
  from space 12800K, 99% used [0x00000000dda00000,0x00000000de67f2e8,0x00000000de680000)
  to   space 5120K, 0% used [0x00000000dee00000,0x00000000dee00000,0x00000000df300000)
 ParOldGen       total 60928K, used 22518K [0x0000000080000000, 0x0000000083b80000, 0x00000000d5580000)
  object space 60928K, 36% used [0x0000000080000000,0x00000000815fd920,0x0000000083b80000)
 Metaspace       used 50150K, capacity 52215K, committed 52520K, reserved 1095680K
  class space    used 6706K, capacity 7094K, committed 7216K, reserved 1048576K
}

