# JRE version: OpenJDK Runtime Environment (8.0_242-b01) (build 1.8.0_242-release-1644-b01)
# Java VM: OpenJDK 64-Bit Server VM (25.242-b01 mixed mode windows-amd64 compressed oops)
Heap:
 PSYoungGen      total 163328K, used 36732K [0x00000000d5580000, 0x00000000e1700000, 0x0000000100000000)
  eden space 149504K, 15% used [0x00000000d5580000,0x00000000d6be0078,0x00000000de780000)
  from space 13824K, 99% used [0x00000000de780000,0x00000000df4ff330,0x00000000df500000)
  to   space 14336K, 0% used [0x00000000df500000,0x00000000df500000,0x00000000e0300000)
 ParOldGen       total 107520K, used 26494K [0x0000000080000000, 0x0000000086900000, 0x00000000d5580000)
  object space 107520K, 24% used [0x0000000080000000,0x00000000819dfbf0,0x0000000086900000)
 Metaspace       used 53810K, capacity 55984K, committed 56024K, reserved 1097728K
  class space    used 7179K, capacity 7643K, committed 7680K, reserved 1048576K
GC Heap History (10 events):
Event: 1.778 GC heap before
{Heap before GC invocations=7 (full 1):
 PSYoungGen      total 71680K, used 66560K [0x00000000d5580000, 0x00000000def80000, 0x0000000100000000)
  eden space 66560K, 100% used [0x00000000d5580000,0x00000000d9680000,0x00000000d9680000)
  from space 5120K, 0% used [0x00000000d9680000,0x00000000d9680000,0x00000000d9b80000)
  to   space 12288K, 0% used [0x00000000de380000,0x00000000de380000,0x00000000def80000)
 ParOldGen       total 67584K, used 11145K [0x0000000080000000, 0x0000000084200000, 0x00000000d5580000)
  object space 67584K, 16% used [0x0000000080000000,0x0000000080ae27c0,0x0000000084200000)
 Metaspace       used 28519K, capacity 29450K, committed 29568K, reserved 1075200K
  class space    used 3949K, capacity 4191K, committed 4224K, reserved 1048576K
Event: 1.783 GC heap after
Heap after GC invocations=7 (full 1):
 PSYoungGen      total 108032K, used 8404K [0x00000000d5580000, 0x00000000dec00000, 0x0000000100000000)
  eden space 99328K, 0% used [0x00000000d5580000,0x00000000d5580000,0x00000000db680000)
  from space 8704K, 96% used [0x00000000de380000,0x00000000debb5070,0x00000000dec00000)
  to   space 12288K, 0% used [0x00000000dd400000,0x00000000dd400000,0x00000000de000000)
 ParOldGen       total 67584K, used 11153K [0x0000000080000000, 0x0000000084200000, 0x00000000d5580000)
  object space 67584K, 16% used [0x0000000080000000,0x0000000080ae47c0,0x0000000084200000)
 Metaspace       used 28519K, capacity 29450K, committed 29568K, reserved 1075200K
  class space    used 3949K, capacity 4191K, committed 4224K, reserved 1048576K
}
Event: 2.189 GC heap before
{Heap before GC invocations=8 (full 1):
 PSYoungGen      total 108032K, used 107645K [0x00000000d5580000, 0x00000000dec00000, 0x0000000100000000)
  eden space 99328K, 99% used [0x00000000d5580000,0x00000000db66a570,0x00000000db680000)
  from space 8704K, 96% used [0x00000000de380000,0x00000000debb5070,0x00000000dec00000)
  to   space 12288K, 0% used [0x00000000dd400000,0x00000000dd400000,0x00000000de000000)
 ParOldGen       total 67584K, used 11153K [0x0000000080000000, 0x0000000084200000, 0x00000000d5580000)
  object space 67584K, 16% used [0x0000000080000000,0x0000000080ae47c0,0x0000000084200000)
 Metaspace       used 34232K, capacity 35392K, committed 35416K, reserved 1079296K
  class space    used 4715K, capacity 4973K, committed 4992K, reserved 1048576K
Event: 2.196 GC heap after
Heap after GC invocations=8 (full 1):
 PSYoungGen      total 141824K, used 11812K [0x00000000d5580000, 0x00000000e0300000, 0x0000000100000000)
  eden space 129536K, 0% used [0x00000000d5580000,0x00000000d5580000,0x00000000dd400000)
  from space 12288K, 96% used [0x00000000dd400000,0x00000000ddf89098,0x00000000de000000)
  to   space 14336K, 0% used [0x00000000df500000,0x00000000df500000,0x00000000e0300000)
 ParOldGen       total 67584K, used 11161K [0x0000000080000000, 0x0000000084200000, 0x00000000d5580000)
  object space 67584K, 16% used [0x0000000080000000,0x0000000080ae67c0,0x0000000084200000)
 Metaspace       used 34232K, capacity 35392K, committed 35416K, reserved 1079296K
  class space    used 4715K, capacity 4973K, committed 4992K, reserved 1048576K
}
Event: 2.196 GC heap before
{Heap before GC invocations=9 (full 2):
 PSYoungGen      total 141824K, used 11812K [0x00000000d5580000, 0x00000000e0300000, 0x0000000100000000)
  eden space 129536K, 0% used [0x00000000d5580000,0x00000000d5580000,0x00000000dd400000)
  from space 12288K, 96% used [0x00000000dd400000,0x00000000ddf89098,0x00000000de000000)
  to   space 14336K, 0% used [0x00000000df500000,0x00000000df500000,0x00000000e0300000)
 ParOldGen       total 67584K, used 11161K [0x0000000080000000, 0x0000000084200000, 0x00000000d5580000)
  object space 67584K, 16% used [0x0000000080000000,0x0000000080ae67c0,0x0000000084200000)
 Metaspace       used 34232K, capacity 35392K, committed 35416K, reserved 1079296K
  class space    used 4715K, capacity 4973K, committed 4992K, reserved 1048576K
Event: 2.233 GC heap after
Heap after GC invocations=9 (full 2):
 PSYoungGen      total 141824K, used 0K [0x00000000d5580000, 0x00000000e0300000, 0x0000000100000000)
  eden space 129536K, 0% used [0x00000000d5580000,0x00000000d5580000,0x00000000dd400000)
  from space 12288K, 0% used [0x00000000dd400000,0x00000000dd400000,0x00000000de000000)
  to   space 14336K, 0% used [0x00000000df500000,0x00000000df500000,0x00000000e0300000)
 ParOldGen       total 107520K, used 17862K [0x0000000080000000, 0x0000000086900000, 0x00000000d5580000)
  object space 107520K, 16% used [0x0000000080000000,0x00000000811718e8,0x0000000086900000)
 Metaspace       used 34232K, capacity 35392K, committed 35416K, reserved 1079296K
  class space    used 4715K, capacity 4973K, committed 4992K, reserved 1048576K
}
Event: 2.687 GC heap before
{Heap before GC invocations=10 (full 2):
 PSYoungGen      total 141824K, used 129536K [0x00000000d5580000, 0x00000000e0300000, 0x0000000100000000)
  eden space 129536K, 100% used [0x00000000d5580000,0x00000000dd400000,0x00000000dd400000)
  from space 12288K, 0% used [0x00000000dd400000,0x00000000dd400000,0x00000000de000000)
  to   space 14336K, 0% used [0x00000000df500000,0x00000000df500000,0x00000000e0300000)
 ParOldGen       total 107520K, used 17862K [0x0000000080000000, 0x0000000086900000, 0x00000000d5580000)
  object space 107520K, 16% used [0x0000000080000000,0x00000000811718e8,0x0000000086900000)
 Metaspace       used 38894K, capacity 40730K, committed 41048K, reserved 1085440K
  class space    used 5363K, capacity 5709K, committed 5760K, reserved 1048576K
Event: 2.692 GC heap after
Heap after GC invocations=10 (full 2):
 PSYoungGen      total 163840K, used 8207K [0x00000000d5580000, 0x00000000e1700000, 0x0000000100000000)
  eden space 149504K, 0% used [0x00000000d5580000,0x00000000d5580000,0x00000000de780000)
  from space 14336K, 57% used [0x00000000df500000,0x00000000dfd03e60,0x00000000e0300000)
  to   space 13824K, 0% used [0x00000000de780000,0x00000000de780000,0x00000000df500000)
 ParOldGen       total 107520K, used 17870K [0x0000000080000000, 0x0000000086900000, 0x00000000d5580000)
  object space 107520K, 16% used [0x0000000080000000,0x00000000811738e8,0x0000000086900000)
 Metaspace       used 38894K, capacity 40730K, committed 41048K, reserved 1085440K
  class space    used 5363K, capacity 5709K, committed 5760K, reserved 1048576K
}
Event: 3.475 GC heap before
{Heap before GC invocations=11 (full 2):
 PSYoungGen      total 163840K, used 157711K [0x00000000d5580000, 0x00000000e1700000, 0x0000000100000000)
  eden space 149504K, 100% used [0x00000000d5580000,0x00000000de780000,0x00000000de780000)
  from space 14336K, 57% used [0x00000000df500000,0x00000000dfd03e60,0x00000000e0300000)
  to   space 13824K, 0% used [0x00000000de780000,0x00000000de780000,0x00000000df500000)
 ParOldGen       total 107520K, used 17870K [0x0000000080000000, 0x0000000086900000, 0x00000000d5580000)
  object space 107520K, 16% used [0x0000000080000000,0x00000000811738e8,0x0000000086900000)
 Metaspace       used 52161K, capacity 54360K, committed 54488K, reserved 1095680K
  class space    used 6951K, capacity 7411K, committed 7424K, reserved 1048576K
Event: 3.488 GC heap after
Heap after GC invocations=11 (full 2):
 PSYoungGen      total 163328K, used 13820K [0x00000000d5580000, 0x00000000e1700000, 0x0000000100000000)
  eden space 149504K, 0% used [0x00000000d5580000,0x00000000d5580000,0x00000000de780000)
  from space 13824K, 99% used [0x00000000de780000,0x00000000df4ff330,0x00000000df500000)
  to   space 14336K, 0% used [0x00000000df500000,0x00000000df500000,0x00000000e0300000)
 ParOldGen       total 107520K, used 26494K [0x0000000080000000, 0x0000000086900000, 0x00000000d5580000)
  object space 107520K, 24% used [0x0000000080000000,0x00000000819dfbf0,0x0000000086900000)
 Metaspace       used 52161K, capacity 54360K, committed 54488K, reserved 1095680K
  class space    used 6951K, capacity 7411K, committed 7424K, reserved 1048576K
}

