# JRE version: OpenJDK Runtime Environment (8.0_242-b01) (build 1.8.0_242-release-1644-b01)
# Java VM: OpenJDK 64-Bit Server VM (25.242-b01 mixed mode windows-amd64 compressed oops)
Heap:
 PSYoungGen      total 139776K, used 92693K [0x00000000d5580000, 0x00000000df600000, 0x0000000100000000)
  eden space 134144K, 65% used [0x00000000d5580000,0x00000000daaace10,0x00000000dd880000)
  from space 5632K, 97% used [0x00000000df080000,0x00000000df5d8978,0x00000000df600000)
  to   space 12288K, 0% used [0x00000000dde00000,0x00000000dde00000,0x00000000dea00000)
 ParOldGen       total 59392K, used 15280K [0x0000000080000000, 0x0000000083a00000, 0x00000000d5580000)
  object space 59392K, 25% used [0x0000000080000000,0x0000000080eec0a8,0x0000000083a00000)
 Metaspace       used 45426K, capacity 47400K, committed 47528K, reserved 1091584K
  class space    used 6141K, capacity 6511K, committed 6568K, reserved 1048576K
GC Heap History (10 events):
Event: 2.271 GC heap before
{Heap before GC invocations=8 (full 1):
 PSYoungGen      total 76288K, used 66048K [0x00000000d5580000, 0x00000000dab80000, 0x0000000100000000)
  eden space 66048K, 100% used [0x00000000d5580000,0x00000000d9600000,0x00000000d9600000)
  from space 10240K, 0% used [0x00000000da080000,0x00000000da080000,0x00000000daa80000)
  to   space 10752K, 0% used [0x00000000d9600000,0x00000000d9600000,0x00000000da080000)
 ParOldGen       total 59392K, used 9052K [0x0000000080000000, 0x0000000083a00000, 0x00000000d5580000)
  object space 59392K, 15% used [0x0000000080000000,0x00000000808d73a0,0x0000000083a00000)
 Metaspace       used 28678K, capacity 29616K, committed 29872K, reserved 1075200K
  class space    used 3970K, capacity 4224K, committed 4272K, reserved 1048576K
Event: 2.276 GC heap after
Heap after GC invocations=8 (full 1):
 PSYoungGen      total 76800K, used 8434K [0x00000000d5580000, 0x00000000dd200000, 0x0000000100000000)
  eden space 66048K, 0% used [0x00000000d5580000,0x00000000d5580000,0x00000000d9600000)
  from space 10752K, 78% used [0x00000000d9600000,0x00000000d9e3c950,0x00000000da080000)
  to   space 11264K, 0% used [0x00000000dc700000,0x00000000dc700000,0x00000000dd200000)
 ParOldGen       total 59392K, used 9060K [0x0000000080000000, 0x0000000083a00000, 0x00000000d5580000)
  object space 59392K, 15% used [0x0000000080000000,0x00000000808d93a0,0x0000000083a00000)
 Metaspace       used 28678K, capacity 29616K, committed 29872K, reserved 1075200K
  class space    used 3970K, capacity 4224K, committed 4272K, reserved 1048576K
}
Event: 2.612 GC heap before
{Heap before GC invocations=9 (full 1):
 PSYoungGen      total 76800K, used 74482K [0x00000000d5580000, 0x00000000dd200000, 0x0000000100000000)
  eden space 66048K, 100% used [0x00000000d5580000,0x00000000d9600000,0x00000000d9600000)
  from space 10752K, 78% used [0x00000000d9600000,0x00000000d9e3c950,0x00000000da080000)
  to   space 11264K, 0% used [0x00000000dc700000,0x00000000dc700000,0x00000000dd200000)
 ParOldGen       total 59392K, used 9060K [0x0000000080000000, 0x0000000083a00000, 0x00000000d5580000)
  object space 59392K, 15% used [0x0000000080000000,0x00000000808d93a0,0x0000000083a00000)
 Metaspace       used 32777K, capacity 33782K, committed 33968K, reserved 1079296K
  class space    used 4478K, capacity 4723K, committed 4784K, reserved 1048576K
Event: 2.618 GC heap after
Heap after GC invocations=9 (full 1):
 PSYoungGen      total 115200K, used 9591K [0x00000000d5580000, 0x00000000dd500000, 0x0000000100000000)
  eden space 103936K, 0% used [0x00000000d5580000,0x00000000d5580000,0x00000000dbb00000)
  from space 11264K, 85% used [0x00000000dc700000,0x00000000dd05df38,0x00000000dd200000)
  to   space 12288K, 0% used [0x00000000dbb00000,0x00000000dbb00000,0x00000000dc700000)
 ParOldGen       total 59392K, used 9068K [0x0000000080000000, 0x0000000083a00000, 0x00000000d5580000)
  object space 59392K, 15% used [0x0000000080000000,0x00000000808db3a0,0x0000000083a00000)
 Metaspace       used 32777K, capacity 33782K, committed 33968K, reserved 1079296K
  class space    used 4478K, capacity 4723K, committed 4784K, reserved 1048576K
}
Event: 2.746 GC heap before
{Heap before GC invocations=10 (full 1):
 PSYoungGen      total 115200K, used 43108K [0x00000000d5580000, 0x00000000dd500000, 0x0000000100000000)
  eden space 103936K, 32% used [0x00000000d5580000,0x00000000d763b478,0x00000000dbb00000)
  from space 11264K, 85% used [0x00000000dc700000,0x00000000dd05df38,0x00000000dd200000)
  to   space 12288K, 0% used [0x00000000dbb00000,0x00000000dbb00000,0x00000000dc700000)
 ParOldGen       total 59392K, used 9068K [0x0000000080000000, 0x0000000083a00000, 0x00000000d5580000)
  object space 59392K, 15% used [0x0000000080000000,0x00000000808db3a0,0x0000000083a00000)
 Metaspace       used 34322K, capacity 35426K, committed 35496K, reserved 1079296K
  class space    used 4721K, capacity 5006K, committed 5032K, reserved 1048576K
Event: 2.752 GC heap after
Heap after GC invocations=10 (full 1):
 PSYoungGen      total 116224K, used 8916K [0x00000000d5580000, 0x00000000dfc80000, 0x0000000100000000)
  eden space 103936K, 0% used [0x00000000d5580000,0x00000000d5580000,0x00000000dbb00000)
  from space 12288K, 72% used [0x00000000dbb00000,0x00000000dc3b53c0,0x00000000dc700000)
  to   space 12288K, 0% used [0x00000000df080000,0x00000000df080000,0x00000000dfc80000)
 ParOldGen       total 59392K, used 9076K [0x0000000080000000, 0x0000000083a00000, 0x00000000d5580000)
  object space 59392K, 15% used [0x0000000080000000,0x00000000808dd3a0,0x0000000083a00000)
 Metaspace       used 34322K, capacity 35426K, committed 35496K, reserved 1079296K
  class space    used 4721K, capacity 5006K, committed 5032K, reserved 1048576K
}
Event: 2.752 GC heap before
{Heap before GC invocations=11 (full 2):
 PSYoungGen      total 116224K, used 8916K [0x00000000d5580000, 0x00000000dfc80000, 0x0000000100000000)
  eden space 103936K, 0% used [0x00000000d5580000,0x00000000d5580000,0x00000000dbb00000)
  from space 12288K, 72% used [0x00000000dbb00000,0x00000000dc3b53c0,0x00000000dc700000)
  to   space 12288K, 0% used [0x00000000df080000,0x00000000df080000,0x00000000dfc80000)
 ParOldGen       total 59392K, used 9076K [0x0000000080000000, 0x0000000083a00000, 0x00000000d5580000)
  object space 59392K, 15% used [0x0000000080000000,0x00000000808dd3a0,0x0000000083a00000)
 Metaspace       used 34322K, capacity 35426K, committed 35496K, reserved 1079296K
  class space    used 4721K, capacity 5006K, committed 5032K, reserved 1048576K
Event: 2.781 GC heap after
Heap after GC invocations=11 (full 2):
 PSYoungGen      total 116224K, used 0K [0x00000000d5580000, 0x00000000dfc80000, 0x0000000100000000)
  eden space 103936K, 0% used [0x00000000d5580000,0x00000000d5580000,0x00000000dbb00000)
  from space 12288K, 0% used [0x00000000dbb00000,0x00000000dbb00000,0x00000000dc700000)
  to   space 12288K, 0% used [0x00000000df080000,0x00000000df080000,0x00000000dfc80000)
 ParOldGen       total 59392K, used 15272K [0x0000000080000000, 0x0000000083a00000, 0x00000000d5580000)
  object space 59392K, 25% used [0x0000000080000000,0x0000000080eea0a8,0x0000000083a00000)
 Metaspace       used 34322K, capacity 35426K, committed 35496K, reserved 1079296K
  class space    used 4721K, capacity 5006K, committed 5032K, reserved 1048576K
}
Event: 3.381 GC heap before
{Heap before GC invocations=12 (full 2):
 PSYoungGen      total 116224K, used 103936K [0x00000000d5580000, 0x00000000dfc80000, 0x0000000100000000)
  eden space 103936K, 100% used [0x00000000d5580000,0x00000000dbb00000,0x00000000dbb00000)
  from space 12288K, 0% used [0x00000000dbb00000,0x00000000dbb00000,0x00000000dc700000)
  to   space 12288K, 0% used [0x00000000df080000,0x00000000df080000,0x00000000dfc80000)
 ParOldGen       total 59392K, used 15272K [0x0000000080000000, 0x0000000083a00000, 0x00000000d5580000)
  object space 59392K, 25% used [0x0000000080000000,0x0000000080eea0a8,0x0000000083a00000)
 Metaspace       used 36805K, capacity 38498K, committed 38696K, reserved 1083392K
  class space    used 5064K, capacity 5374K, committed 5416K, reserved 1048576K
Event: 3.385 GC heap after
Heap after GC invocations=12 (full 2):
 PSYoungGen      total 139776K, used 5474K [0x00000000d5580000, 0x00000000df600000, 0x0000000100000000)
  eden space 134144K, 0% used [0x00000000d5580000,0x00000000d5580000,0x00000000dd880000)
  from space 5632K, 97% used [0x00000000df080000,0x00000000df5d8978,0x00000000df600000)
  to   space 12288K, 0% used [0x00000000dde00000,0x00000000dde00000,0x00000000dea00000)
 ParOldGen       total 59392K, used 15280K [0x0000000080000000, 0x0000000083a00000, 0x00000000d5580000)
  object space 59392K, 25% used [0x0000000080000000,0x0000000080eec0a8,0x0000000083a00000)
 Metaspace       used 36805K, capacity 38498K, committed 38696K, reserved 1083392K
  class space    used 5064K, capacity 5374K, committed 5416K, reserved 1048576K
}

