# JRE version: OpenJDK Runtime Environment (8.0_242-b01) (build 1.8.0_242-release-1644-b01)
# Java VM: OpenJDK 64-Bit Server VM (25.242-b01 mixed mode windows-amd64 compressed oops)
Heap:
 PSYoungGen      total 137728K, used 4740K [0x00000000d5580000, 0x00000000de980000, 0x0000000100000000)
  eden space 126464K, 3% used [0x00000000d5580000,0x00000000d5a21200,0x00000000dd100000)
  from space 11264K, 0% used [0x00000000dd380000,0x00000000dd380000,0x00000000dde80000)
  to   space 8704K, 0% used [0x00000000de100000,0x00000000de100000,0x00000000de980000)
 ParOldGen       total 66560K, used 17914K [0x0000000080000000, 0x0000000084100000, 0x00000000d5580000)
  object space 66560K, 26% used [0x0000000080000000,0x000000008117ea78,0x0000000084100000)
 Metaspace       used 34392K, capacity 35560K, committed 35752K, reserved 1079296K
  class space    used 4740K, capacity 5007K, committed 5040K, reserved 1048576K
GC Heap History (10 events):
Event: 1.424 GC heap before
{Heap before GC invocations=7 (full 0):
 PSYoungGen      total 76288K, used 9602K [0x00000000d5580000, 0x00000000dab80000, 0x0000000100000000)
  eden space 66048K, 1% used [0x00000000d5580000,0x00000000d5685a18,0x00000000d9600000)
  from space 10240K, 83% used [0x00000000da080000,0x00000000da8db150,0x00000000daa80000)
  to   space 10752K, 0% used [0x00000000d9600000,0x00000000d9600000,0x00000000da080000)
 ParOldGen       total 87552K, used 6834K [0x0000000080000000, 0x0000000085580000, 0x00000000d5580000)
  object space 87552K, 7% used [0x0000000080000000,0x00000000806acb38,0x0000000085580000)
 Metaspace       used 20567K, capacity 21236K, committed 21296K, reserved 1067008K
  class space    used 2874K, capacity 3080K, committed 3120K, reserved 1048576K
Event: 1.427 GC heap after
Heap after GC invocations=7 (full 0):
 PSYoungGen      total 76800K, used 3796K [0x00000000d5580000, 0x00000000deb80000, 0x0000000100000000)
  eden space 66048K, 0% used [0x00000000d5580000,0x00000000d5580000,0x00000000d9600000)
  from space 10752K, 35% used [0x00000000d9600000,0x00000000d99b5040,0x00000000da080000)
  to   space 10752K, 0% used [0x00000000de100000,0x00000000de100000,0x00000000deb80000)
 ParOldGen       total 87552K, used 9114K [0x0000000080000000, 0x0000000085580000, 0x00000000d5580000)
  object space 87552K, 10% used [0x0000000080000000,0x00000000808e6b88,0x0000000085580000)
 Metaspace       used 20567K, capacity 21236K, committed 21296K, reserved 1067008K
  class space    used 2874K, capacity 3080K, committed 3120K, reserved 1048576K
}
Event: 1.427 GC heap before
{Heap before GC invocations=8 (full 1):
 PSYoungGen      total 76800K, used 3796K [0x00000000d5580000, 0x00000000deb80000, 0x0000000100000000)
  eden space 66048K, 0% used [0x00000000d5580000,0x00000000d5580000,0x00000000d9600000)
  from space 10752K, 35% used [0x00000000d9600000,0x00000000d99b5040,0x00000000da080000)
  to   space 10752K, 0% used [0x00000000de100000,0x00000000de100000,0x00000000deb80000)
 ParOldGen       total 87552K, used 9114K [0x0000000080000000, 0x0000000085580000, 0x00000000d5580000)
  object space 87552K, 10% used [0x0000000080000000,0x00000000808e6b88,0x0000000085580000)
 Metaspace       used 20567K, capacity 21236K, committed 21296K, reserved 1067008K
  class space    used 2874K, capacity 3080K, committed 3120K, reserved 1048576K
Event: 1.447 GC heap after
Heap after GC invocations=8 (full 1):
 PSYoungGen      total 76800K, used 0K [0x00000000d5580000, 0x00000000deb80000, 0x0000000100000000)
  eden space 66048K, 0% used [0x00000000d5580000,0x00000000d5580000,0x00000000d9600000)
  from space 10752K, 0% used [0x00000000d9600000,0x00000000d9600000,0x00000000da080000)
  to   space 10752K, 0% used [0x00000000de100000,0x00000000de100000,0x00000000deb80000)
 ParOldGen       total 46592K, used 6612K [0x0000000080000000, 0x0000000082d80000, 0x00000000d5580000)
  object space 46592K, 14% used [0x0000000080000000,0x0000000080675090,0x0000000082d80000)
 Metaspace       used 20567K, capacity 21236K, committed 21296K, reserved 1067008K
  class space    used 2874K, capacity 3080K, committed 3120K, reserved 1048576K
}
Event: 1.794 GC heap before
{Heap before GC invocations=9 (full 1):
 PSYoungGen      total 76800K, used 66046K [0x00000000d5580000, 0x00000000deb80000, 0x0000000100000000)
  eden space 66048K, 99% used [0x00000000d5580000,0x00000000d95ffab8,0x00000000d9600000)
  from space 10752K, 0% used [0x00000000d9600000,0x00000000d9600000,0x00000000da080000)
  to   space 10752K, 0% used [0x00000000de100000,0x00000000de100000,0x00000000deb80000)
 ParOldGen       total 46592K, used 6612K [0x0000000080000000, 0x0000000082d80000, 0x00000000d5580000)
  object space 46592K, 14% used [0x0000000080000000,0x0000000080675090,0x0000000082d80000)
 Metaspace       used 28567K, capacity 29456K, committed 29616K, reserved 1075200K
  class space    used 3958K, capacity 4192K, committed 4272K, reserved 1048576K
Event: 1.800 GC heap after
Heap after GC invocations=9 (full 1):
 PSYoungGen      total 135168K, used 8294K [0x00000000d5580000, 0x00000000de980000, 0x0000000100000000)
  eden space 126464K, 0% used [0x00000000d5580000,0x00000000d5580000,0x00000000dd100000)
  from space 8704K, 95% used [0x00000000de100000,0x00000000de9198d0,0x00000000de980000)
  to   space 11264K, 0% used [0x00000000dd380000,0x00000000dd380000,0x00000000dde80000)
 ParOldGen       total 46592K, used 6620K [0x0000000080000000, 0x0000000082d80000, 0x00000000d5580000)
  object space 46592K, 14% used [0x0000000080000000,0x0000000080677090,0x0000000082d80000)
 Metaspace       used 28567K, capacity 29456K, committed 29616K, reserved 1075200K
  class space    used 3958K, capacity 4192K, committed 4272K, reserved 1048576K
}
Event: 2.226 GC heap before
{Heap before GC invocations=10 (full 1):
 PSYoungGen      total 135168K, used 107520K [0x00000000d5580000, 0x00000000de980000, 0x0000000100000000)
  eden space 126464K, 78% used [0x00000000d5580000,0x00000000db666778,0x00000000dd100000)
  from space 8704K, 95% used [0x00000000de100000,0x00000000de9198d0,0x00000000de980000)
  to   space 11264K, 0% used [0x00000000dd380000,0x00000000dd380000,0x00000000dde80000)
 ParOldGen       total 46592K, used 6620K [0x0000000080000000, 0x0000000082d80000, 0x00000000d5580000)
  object space 46592K, 14% used [0x0000000080000000,0x0000000080677090,0x0000000082d80000)
 Metaspace       used 34270K, capacity 35424K, committed 35496K, reserved 1079296K
  class space    used 4723K, capacity 5005K, committed 5040K, reserved 1048576K
Event: 2.234 GC heap after
Heap after GC invocations=10 (full 1):
 PSYoungGen      total 137728K, used 11234K [0x00000000d5580000, 0x00000000de980000, 0x0000000100000000)
  eden space 126464K, 0% used [0x00000000d5580000,0x00000000d5580000,0x00000000dd100000)
  from space 11264K, 99% used [0x00000000dd380000,0x00000000dde78868,0x00000000dde80000)
  to   space 8704K, 0% used [0x00000000de100000,0x00000000de100000,0x00000000de980000)
 ParOldGen       total 46592K, used 7167K [0x0000000080000000, 0x0000000082d80000, 0x00000000d5580000)
  object space 46592K, 15% used [0x0000000080000000,0x00000000806ffd90,0x0000000082d80000)
 Metaspace       used 34270K, capacity 35424K, committed 35496K, reserved 1079296K
  class space    used 4723K, capacity 5005K, committed 5040K, reserved 1048576K
}
Event: 2.234 GC heap before
{Heap before GC invocations=11 (full 2):
 PSYoungGen      total 137728K, used 11234K [0x00000000d5580000, 0x00000000de980000, 0x0000000100000000)
  eden space 126464K, 0% used [0x00000000d5580000,0x00000000d5580000,0x00000000dd100000)
  from space 11264K, 99% used [0x00000000dd380000,0x00000000dde78868,0x00000000dde80000)
  to   space 8704K, 0% used [0x00000000de100000,0x00000000de100000,0x00000000de980000)
 ParOldGen       total 46592K, used 7167K [0x0000000080000000, 0x0000000082d80000, 0x00000000d5580000)
  object space 46592K, 15% used [0x0000000080000000,0x00000000806ffd90,0x0000000082d80000)
 Metaspace       used 34270K, capacity 35424K, committed 35496K, reserved 1079296K
  class space    used 4723K, capacity 5005K, committed 5040K, reserved 1048576K
Event: 2.279 GC heap after
Heap after GC invocations=11 (full 2):
 PSYoungGen      total 137728K, used 0K [0x00000000d5580000, 0x00000000de980000, 0x0000000100000000)
  eden space 126464K, 0% used [0x00000000d5580000,0x00000000d5580000,0x00000000dd100000)
  from space 11264K, 0% used [0x00000000dd380000,0x00000000dd380000,0x00000000dde80000)
  to   space 8704K, 0% used [0x00000000de100000,0x00000000de100000,0x00000000de980000)
 ParOldGen       total 66560K, used 17914K [0x0000000080000000, 0x0000000084100000, 0x00000000d5580000)
  object space 66560K, 26% used [0x0000000080000000,0x000000008117ea78,0x0000000084100000)
 Metaspace       used 34270K, capacity 35424K, committed 35496K, reserved 1079296K
  class space    used 4723K, capacity 5005K, committed 5040K, reserved 1048576K
}

