# JRE version: OpenJDK Runtime Environment (8.0_242-b01) (build 1.8.0_242-release-1644-b01)
# Java VM: OpenJDK 64-Bit Server VM (25.242-b01 mixed mode windows-amd64 compressed oops)
Heap:
 PSYoungGen      total 115712K, used 16845K [0x00000000d5580000, 0x00000000dd280000, 0x0000000100000000)
  eden space 103936K, 16% used [0x00000000d5580000,0x00000000d65f3610,0x00000000dbb00000)
  from space 11776K, 0% used [0x00000000dbb00000,0x00000000dbb00000,0x00000000dc680000)
  to   space 11264K, 0% used [0x00000000dc680000,0x00000000dc680000,0x00000000dd180000)
 ParOldGen       total 88576K, used 15203K [0x0000000080000000, 0x0000000085680000, 0x00000000d5580000)
  object space 88576K, 17% used [0x0000000080000000,0x0000000080ed8cb8,0x0000000085680000)
 Metaspace       used 35069K, capacity 36296K, committed 36568K, reserved 1081344K
  class space    used 4832K, capacity 5099K, committed 5120K, reserved 1048576K
GC Heap History (10 events):
Event: 1.390 GC heap before
{Heap before GC invocations=7 (full 1):
 PSYoungGen      total 76288K, used 8524K [0x00000000d5580000, 0x00000000dab80000, 0x0000000100000000)
  eden space 66048K, 0% used [0x00000000d5580000,0x00000000d5580000,0x00000000d9600000)
  from space 10240K, 83% used [0x00000000da080000,0x00000000da8d32c8,0x00000000daa80000)
  to   space 10752K, 0% used [0x00000000d9600000,0x00000000d9600000,0x00000000da080000)
 ParOldGen       total 87552K, used 6857K [0x0000000080000000, 0x0000000085580000, 0x00000000d5580000)
  object space 87552K, 7% used [0x0000000080000000,0x00000000806b2490,0x0000000085580000)
 Metaspace       used 20472K, capacity 21204K, committed 21248K, reserved 1067008K
  class space    used 2857K, capacity 3048K, committed 3072K, reserved 1048576K
Event: 1.409 GC heap after
Heap after GC invocations=7 (full 1):
 PSYoungGen      total 76288K, used 0K [0x00000000d5580000, 0x00000000dab80000, 0x0000000100000000)
  eden space 66048K, 0% used [0x00000000d5580000,0x00000000d5580000,0x00000000d9600000)
  from space 10240K, 0% used [0x00000000da080000,0x00000000da080000,0x00000000daa80000)
  to   space 10752K, 0% used [0x00000000d9600000,0x00000000d9600000,0x00000000da080000)
 ParOldGen       total 59392K, used 8899K [0x0000000080000000, 0x0000000083a00000, 0x00000000d5580000)
  object space 59392K, 14% used [0x0000000080000000,0x00000000808b0ee8,0x0000000083a00000)
 Metaspace       used 20472K, capacity 21204K, committed 21248K, reserved 1067008K
  class space    used 2857K, capacity 3048K, committed 3072K, reserved 1048576K
}
Event: 1.770 GC heap before
{Heap before GC invocations=8 (full 1):
 PSYoungGen      total 76288K, used 66048K [0x00000000d5580000, 0x00000000dab80000, 0x0000000100000000)
  eden space 66048K, 100% used [0x00000000d5580000,0x00000000d9600000,0x00000000d9600000)
  from space 10240K, 0% used [0x00000000da080000,0x00000000da080000,0x00000000daa80000)
  to   space 10752K, 0% used [0x00000000d9600000,0x00000000d9600000,0x00000000da080000)
 ParOldGen       total 59392K, used 8899K [0x0000000080000000, 0x0000000083a00000, 0x00000000d5580000)
  object space 59392K, 14% used [0x0000000080000000,0x00000000808b0ee8,0x0000000083a00000)
 Metaspace       used 28427K, capacity 29290K, committed 29568K, reserved 1075200K
  class space    used 3933K, capacity 4159K, committed 4224K, reserved 1048576K
Event: 1.775 GC heap after
Heap after GC invocations=8 (full 1):
 PSYoungGen      total 76800K, used 8208K [0x00000000d5580000, 0x00000000dd180000, 0x0000000100000000)
  eden space 66048K, 0% used [0x00000000d5580000,0x00000000d5580000,0x00000000d9600000)
  from space 10752K, 76% used [0x00000000d9600000,0x00000000d9e04190,0x00000000da080000)
  to   space 11264K, 0% used [0x00000000dc680000,0x00000000dc680000,0x00000000dd180000)
 ParOldGen       total 59392K, used 8907K [0x0000000080000000, 0x0000000083a00000, 0x00000000d5580000)
  object space 59392K, 14% used [0x0000000080000000,0x00000000808b2ee8,0x0000000083a00000)
 Metaspace       used 28427K, capacity 29290K, committed 29568K, reserved 1075200K
  class space    used 3933K, capacity 4159K, committed 4224K, reserved 1048576K
}
Event: 2.073 GC heap before
{Heap before GC invocations=9 (full 1):
 PSYoungGen      total 76800K, used 74256K [0x00000000d5580000, 0x00000000dd180000, 0x0000000100000000)
  eden space 66048K, 100% used [0x00000000d5580000,0x00000000d9600000,0x00000000d9600000)
  from space 10752K, 76% used [0x00000000d9600000,0x00000000d9e04190,0x00000000da080000)
  to   space 11264K, 0% used [0x00000000dc680000,0x00000000dc680000,0x00000000dd180000)
 ParOldGen       total 59392K, used 8907K [0x0000000080000000, 0x0000000083a00000, 0x00000000d5580000)
  object space 59392K, 14% used [0x0000000080000000,0x00000000808b2ee8,0x0000000083a00000)
 Metaspace       used 32701K, capacity 33782K, committed 33920K, reserved 1079296K
  class space    used 4459K, capacity 4723K, committed 4736K, reserved 1048576K
Event: 2.078 GC heap after
Heap after GC invocations=9 (full 1):
 PSYoungGen      total 115200K, used 9731K [0x00000000d5580000, 0x00000000dd280000, 0x0000000100000000)
  eden space 103936K, 0% used [0x00000000d5580000,0x00000000d5580000,0x00000000dbb00000)
  from space 11264K, 86% used [0x00000000dc680000,0x00000000dd000c58,0x00000000dd180000)
  to   space 11776K, 0% used [0x00000000dbb00000,0x00000000dbb00000,0x00000000dc680000)
 ParOldGen       total 59392K, used 8915K [0x0000000080000000, 0x0000000083a00000, 0x00000000d5580000)
  object space 59392K, 15% used [0x0000000080000000,0x00000000808b4ee8,0x0000000083a00000)
 Metaspace       used 32701K, capacity 33782K, committed 33920K, reserved 1079296K
  class space    used 4459K, capacity 4723K, committed 4736K, reserved 1048576K
}
Event: 2.192 GC heap before
{Heap before GC invocations=10 (full 1):
 PSYoungGen      total 115200K, used 42882K [0x00000000d5580000, 0x00000000dd280000, 0x0000000100000000)
  eden space 103936K, 31% used [0x00000000d5580000,0x00000000d75dfde8,0x00000000dbb00000)
  from space 11264K, 86% used [0x00000000dc680000,0x00000000dd000c58,0x00000000dd180000)
  to   space 11776K, 0% used [0x00000000dbb00000,0x00000000dbb00000,0x00000000dc680000)
 ParOldGen       total 59392K, used 8915K [0x0000000080000000, 0x0000000083a00000, 0x00000000d5580000)
  object space 59392K, 15% used [0x0000000080000000,0x00000000808b4ee8,0x0000000083a00000)
 Metaspace       used 34234K, capacity 35392K, committed 35416K, reserved 1079296K
  class space    used 4715K, capacity 4973K, committed 4992K, reserved 1048576K
Event: 2.197 GC heap after
Heap after GC invocations=10 (full 1):
 PSYoungGen      total 115712K, used 8860K [0x00000000d5580000, 0x00000000dd280000, 0x0000000100000000)
  eden space 103936K, 0% used [0x00000000d5580000,0x00000000d5580000,0x00000000dbb00000)
  from space 11776K, 75% used [0x00000000dbb00000,0x00000000dc3a73d0,0x00000000dc680000)
  to   space 11264K, 0% used [0x00000000dc680000,0x00000000dc680000,0x00000000dd180000)
 ParOldGen       total 59392K, used 8923K [0x0000000080000000, 0x0000000083a00000, 0x00000000d5580000)
  object space 59392K, 15% used [0x0000000080000000,0x00000000808b6ee8,0x0000000083a00000)
 Metaspace       used 34234K, capacity 35392K, committed 35416K, reserved 1079296K
  class space    used 4715K, capacity 4973K, committed 4992K, reserved 1048576K
}
Event: 2.197 GC heap before
{Heap before GC invocations=11 (full 2):
 PSYoungGen      total 115712K, used 8860K [0x00000000d5580000, 0x00000000dd280000, 0x0000000100000000)
  eden space 103936K, 0% used [0x00000000d5580000,0x00000000d5580000,0x00000000dbb00000)
  from space 11776K, 75% used [0x00000000dbb00000,0x00000000dc3a73d0,0x00000000dc680000)
  to   space 11264K, 0% used [0x00000000dc680000,0x00000000dc680000,0x00000000dd180000)
 ParOldGen       total 59392K, used 8923K [0x0000000080000000, 0x0000000083a00000, 0x00000000d5580000)
  object space 59392K, 15% used [0x0000000080000000,0x00000000808b6ee8,0x0000000083a00000)
 Metaspace       used 34234K, capacity 35392K, committed 35416K, reserved 1079296K
  class space    used 4715K, capacity 4973K, committed 4992K, reserved 1048576K
Event: 2.226 GC heap after
Heap after GC invocations=11 (full 2):
 PSYoungGen      total 115712K, used 0K [0x00000000d5580000, 0x00000000dd280000, 0x0000000100000000)
  eden space 103936K, 0% used [0x00000000d5580000,0x00000000d5580000,0x00000000dbb00000)
  from space 11776K, 0% used [0x00000000dbb00000,0x00000000dbb00000,0x00000000dc680000)
  to   space 11264K, 0% used [0x00000000dc680000,0x00000000dc680000,0x00000000dd180000)
 ParOldGen       total 88576K, used 15203K [0x0000000080000000, 0x0000000085680000, 0x00000000d5580000)
  object space 88576K, 17% used [0x0000000080000000,0x0000000080ed8cb8,0x0000000085680000)
 Metaspace       used 34234K, capacity 35392K, committed 35416K, reserved 1079296K
  class space    used 4715K, capacity 4973K, committed 4992K, reserved 1048576K
}

