# JRE version: OpenJDK Runtime Environment (8.0_242-b01) (build 1.8.0_242-release-1644-b01)
# Java VM: OpenJDK 64-Bit Server VM (25.242-b01 mixed mode windows-amd64 compressed oops)
Heap:
 PSYoungGen      total 115712K, used 74283K [0x00000000d5580000, 0x00000000dfc00000, 0x0000000100000000)
  eden space 103424K, 72% used [0x00000000d5580000,0x00000000d9e72350,0x00000000dba80000)
  from space 12288K, 0% used [0x00000000dba80000,0x00000000dba80000,0x00000000dc680000)
  to   space 12800K, 0% used [0x00000000def80000,0x00000000def80000,0x00000000dfc00000)
 ParOldGen       total 59392K, used 15659K [0x0000000080000000, 0x0000000083a00000, 0x00000000d5580000)
  object space 59392K, 26% used [0x0000000080000000,0x0000000080f4ade8,0x0000000083a00000)
 Metaspace       used 36538K, capacity 38206K, committed 38360K, reserved 1083392K
  class space    used 5026K, capacity 5339K, committed 5376K, reserved 1048576K
GC Heap History (10 events):
Event: 1.395 GC heap before
{Heap before GC invocations=7 (full 1):
 PSYoungGen      total 76288K, used 8427K [0x00000000d5580000, 0x00000000dab80000, 0x0000000100000000)
  eden space 66048K, 0% used [0x00000000d5580000,0x00000000d5580000,0x00000000d9600000)
  from space 10240K, 82% used [0x00000000da080000,0x00000000da8baca0,0x00000000daa80000)
  to   space 10752K, 0% used [0x00000000d9600000,0x00000000d9600000,0x00000000da080000)
 ParOldGen       total 87552K, used 6733K [0x0000000080000000, 0x0000000085580000, 0x00000000d5580000)
  object space 87552K, 7% used [0x0000000080000000,0x00000000806934e8,0x0000000085580000)
 Metaspace       used 20471K, capacity 21204K, committed 21248K, reserved 1067008K
  class space    used 2855K, capacity 3048K, committed 3072K, reserved 1048576K
Event: 1.415 GC heap after
Heap after GC invocations=7 (full 1):
 PSYoungGen      total 76288K, used 0K [0x00000000d5580000, 0x00000000dab80000, 0x0000000100000000)
  eden space 66048K, 0% used [0x00000000d5580000,0x00000000d5580000,0x00000000d9600000)
  from space 10240K, 0% used [0x00000000da080000,0x00000000da080000,0x00000000daa80000)
  to   space 10752K, 0% used [0x00000000d9600000,0x00000000d9600000,0x00000000da080000)
 ParOldGen       total 59392K, used 8908K [0x0000000080000000, 0x0000000083a00000, 0x00000000d5580000)
  object space 59392K, 14% used [0x0000000080000000,0x00000000808b32f0,0x0000000083a00000)
 Metaspace       used 20471K, capacity 21204K, committed 21248K, reserved 1067008K
  class space    used 2855K, capacity 3048K, committed 3072K, reserved 1048576K
}
Event: 1.761 GC heap before
{Heap before GC invocations=8 (full 1):
 PSYoungGen      total 76288K, used 66048K [0x00000000d5580000, 0x00000000dab80000, 0x0000000100000000)
  eden space 66048K, 100% used [0x00000000d5580000,0x00000000d9600000,0x00000000d9600000)
  from space 10240K, 0% used [0x00000000da080000,0x00000000da080000,0x00000000daa80000)
  to   space 10752K, 0% used [0x00000000d9600000,0x00000000d9600000,0x00000000da080000)
 ParOldGen       total 59392K, used 8908K [0x0000000080000000, 0x0000000083a00000, 0x00000000d5580000)
  object space 59392K, 14% used [0x0000000080000000,0x00000000808b32f0,0x0000000083a00000)
 Metaspace       used 28320K, capacity 29226K, committed 29568K, reserved 1075200K
  class space    used 3925K, capacity 4136K, committed 4224K, reserved 1048576K
Event: 1.766 GC heap after
Heap after GC invocations=8 (full 1):
 PSYoungGen      total 76800K, used 8324K [0x00000000d5580000, 0x00000000dd180000, 0x0000000100000000)
  eden space 66048K, 0% used [0x00000000d5580000,0x00000000d5580000,0x00000000d9600000)
  from space 10752K, 77% used [0x00000000d9600000,0x00000000d9e211a8,0x00000000da080000)
  to   space 11264K, 0% used [0x00000000dc680000,0x00000000dc680000,0x00000000dd180000)
 ParOldGen       total 59392K, used 8916K [0x0000000080000000, 0x0000000083a00000, 0x00000000d5580000)
  object space 59392K, 15% used [0x0000000080000000,0x00000000808b52f0,0x0000000083a00000)
 Metaspace       used 28320K, capacity 29226K, committed 29568K, reserved 1075200K
  class space    used 3925K, capacity 4136K, committed 4224K, reserved 1048576K
}
Event: 2.087 GC heap before
{Heap before GC invocations=9 (full 1):
 PSYoungGen      total 76800K, used 74372K [0x00000000d5580000, 0x00000000dd180000, 0x0000000100000000)
  eden space 66048K, 100% used [0x00000000d5580000,0x00000000d9600000,0x00000000d9600000)
  from space 10752K, 77% used [0x00000000d9600000,0x00000000d9e211a8,0x00000000da080000)
  to   space 11264K, 0% used [0x00000000dc680000,0x00000000dc680000,0x00000000dd180000)
 ParOldGen       total 59392K, used 8916K [0x0000000080000000, 0x0000000083a00000, 0x00000000d5580000)
  object space 59392K, 15% used [0x0000000080000000,0x00000000808b52f0,0x0000000083a00000)
 Metaspace       used 32864K, capacity 33910K, committed 34048K, reserved 1079296K
  class space    used 4475K, capacity 4764K, committed 4864K, reserved 1048576K
Event: 2.094 GC heap after
Heap after GC invocations=9 (full 1):
 PSYoungGen      total 114688K, used 10421K [0x00000000d5580000, 0x00000000dd380000, 0x0000000100000000)
  eden space 103424K, 0% used [0x00000000d5580000,0x00000000d5580000,0x00000000dba80000)
  from space 11264K, 92% used [0x00000000dc680000,0x00000000dd0ad728,0x00000000dd180000)
  to   space 12288K, 0% used [0x00000000dba80000,0x00000000dba80000,0x00000000dc680000)
 ParOldGen       total 59392K, used 8924K [0x0000000080000000, 0x0000000083a00000, 0x00000000d5580000)
  object space 59392K, 15% used [0x0000000080000000,0x00000000808b72f0,0x0000000083a00000)
 Metaspace       used 32864K, capacity 33910K, committed 34048K, reserved 1079296K
  class space    used 4475K, capacity 4764K, committed 4864K, reserved 1048576K
}
Event: 2.200 GC heap before
{Heap before GC invocations=10 (full 1):
 PSYoungGen      total 114688K, used 43537K [0x00000000d5580000, 0x00000000dd380000, 0x0000000100000000)
  eden space 103424K, 32% used [0x00000000d5580000,0x00000000d75d6cd8,0x00000000dba80000)
  from space 11264K, 92% used [0x00000000dc680000,0x00000000dd0ad728,0x00000000dd180000)
  to   space 12288K, 0% used [0x00000000dba80000,0x00000000dba80000,0x00000000dc680000)
 ParOldGen       total 59392K, used 8924K [0x0000000080000000, 0x0000000083a00000, 0x00000000d5580000)
  object space 59392K, 15% used [0x0000000080000000,0x00000000808b72f0,0x0000000083a00000)
 Metaspace       used 34180K, capacity 35330K, committed 35416K, reserved 1079296K
  class space    used 4686K, capacity 4949K, committed 4992K, reserved 1048576K
Event: 2.206 GC heap after
Heap after GC invocations=10 (full 1):
 PSYoungGen      total 115712K, used 9257K [0x00000000d5580000, 0x00000000dfc00000, 0x0000000100000000)
  eden space 103424K, 0% used [0x00000000d5580000,0x00000000d5580000,0x00000000dba80000)
  from space 12288K, 75% used [0x00000000dba80000,0x00000000dc38a4d0,0x00000000dc680000)
  to   space 12800K, 0% used [0x00000000def80000,0x00000000def80000,0x00000000dfc00000)
 ParOldGen       total 59392K, used 8932K [0x0000000080000000, 0x0000000083a00000, 0x00000000d5580000)
  object space 59392K, 15% used [0x0000000080000000,0x00000000808b92f0,0x0000000083a00000)
 Metaspace       used 34180K, capacity 35330K, committed 35416K, reserved 1079296K
  class space    used 4686K, capacity 4949K, committed 4992K, reserved 1048576K
}
Event: 2.206 GC heap before
{Heap before GC invocations=11 (full 2):
 PSYoungGen      total 115712K, used 9257K [0x00000000d5580000, 0x00000000dfc00000, 0x0000000100000000)
  eden space 103424K, 0% used [0x00000000d5580000,0x00000000d5580000,0x00000000dba80000)
  from space 12288K, 75% used [0x00000000dba80000,0x00000000dc38a4d0,0x00000000dc680000)
  to   space 12800K, 0% used [0x00000000def80000,0x00000000def80000,0x00000000dfc00000)
 ParOldGen       total 59392K, used 8932K [0x0000000080000000, 0x0000000083a00000, 0x00000000d5580000)
  object space 59392K, 15% used [0x0000000080000000,0x00000000808b92f0,0x0000000083a00000)
 Metaspace       used 34180K, capacity 35330K, committed 35416K, reserved 1079296K
  class space    used 4686K, capacity 4949K, committed 4992K, reserved 1048576K
Event: 2.239 GC heap after
Heap after GC invocations=11 (full 2):
 PSYoungGen      total 115712K, used 0K [0x00000000d5580000, 0x00000000dfc00000, 0x0000000100000000)
  eden space 103424K, 0% used [0x00000000d5580000,0x00000000d5580000,0x00000000dba80000)
  from space 12288K, 0% used [0x00000000dba80000,0x00000000dba80000,0x00000000dc680000)
  to   space 12800K, 0% used [0x00000000def80000,0x00000000def80000,0x00000000dfc00000)
 ParOldGen       total 59392K, used 15659K [0x0000000080000000, 0x0000000083a00000, 0x00000000d5580000)
  object space 59392K, 26% used [0x0000000080000000,0x0000000080f4ade8,0x0000000083a00000)
 Metaspace       used 34180K, capacity 35330K, committed 35416K, reserved 1079296K
  class space    used 4686K, capacity 4949K, committed 4992K, reserved 1048576K
}

